Trial 41 finished with value: 0.856799768929916 and parameters: {'objective': 'binary:logistic', 'tree_method': 'gpu_hist', 'lambda': 0.0010196548671559953, 'alpha': 0.20100543108308452, 'colsample_bytree': 0.5305102062495954, 'subsample': 0.498984046332589, 'learning_rate': 0.03553817926601477, 'max_depth': 7, 'min_child_weight': 269, 'eval_metric': 'logloss'}. Best is trial 41 with value: 0.856799768929916.
start listen on 192.168.1.101:49011
@tracker All of 4 nodes getting started
@tracker All nodes finishes job
Trial 42 finished with value: 0.8569024140816508 and parameters: {'objective': 'binary:logistic', 'tree_method': 'gpu_hist', 'lambda': 0.0013426162081089012, 'alpha': 0.10386561122320004, 'colsample_bytree': 0.5274521832191723, 'subsample': 0.5700509546139413, 'learning_rate': 0.03432417897593492, 'max_depth': 7, 'min_child_weight': 274, 'eval_metric': 'logloss'}. Best is trial 42 with value: 0.8569024140816508.
start listen on 192.168.1.101:33303
@tracker All of 4 nodes getting started
@tracker All nodes finishes job
Trial 43 finished with value: 0.8552526508537699 and parameters: {'objective': 'binary:logistic', 'tree_method': 'gpu_hist', 'lambda': 0.0011391378896984784, 'alpha': 0.4065565187390911, 'colsample_bytree': 0.5184568917689312, 'subsample': 0.49885927974147837, 'learning_rate': 0.07390806025437383, 'max_depth': 7, 'min_child_weight': 279, 'eval_metric': 'logloss'}. Best is trial 42 with value: 0.8569024140816508.
start listen on 192.168.1.101:36885
@tracker All of 4 nodes getting started
@tracker All nodes finishes job
Trial 44 finished with value: 0.8559741652159634 and parameters: {'objective': 'binary:logistic', 'tree_method': 'gpu_hist', 'lambda': 0.0010182174751545952, 'alpha': 0.09735316729658393, 'colsample_bytree': 0.41739193827044063, 'subsample': 0.5075155346190582, 'learning_rate': 0.020088674210804906, 'max_depth': 7, 'min_child_weight': 210, 'eval_metric': 'logloss'}. Best is trial 42 with value: 0.8569024140816508.
start listen on 192.168.1.101:47465
@tracker All of 4 nodes getting started
@tracker All nodes finishes job
Trial 45 finished with value: 0.8568440577306646 and parameters: {'objective': 'binary:logistic', 'tree_method': 'gpu_hist', 'lambda': 0.0017572346428775263, 'alpha': 0.20699049681571058, 'colsample_bytree': 0.36749305937755805, 'subsample': 0.5674436042138127, 'learning_rate': 0.03507880434275771, 'max_depth': 7, 'min_child_weight': 287, 'eval_metric': 'logloss'}. Best is trial 42 with value: 0.8569024140816508.
start listen on 192.168.1.101:42541
@tracker All of 4 nodes getting started
@tracker All nodes finishes job
Trial 46 finished with value: 0.8565247145252677 and parameters: {'objective': 'binary:logistic', 'tree_method': 'gpu_hist', 'lambda': 0.0017031583510500807, 'alpha': 0.03035689428795261, 'colsample_bytree': 0.3647941714042049, 'subsample': 0.5538587239068832, 'learning_rate': 0.0557126874360428, 'max_depth': 7, 'min_child_weight': 290, 'eval_metric': 'logloss'}. Best is trial 42 with value: 0.8569024140816508.
start listen on 192.168.1.101:52549
@tracker All of 4 nodes getting started
@tracker All nodes finishes job
Trial 47 finished with value: 0.8569151135818653 and parameters: {'objective': 'binary:logistic', 'tree_method': 'gpu_hist', 'lambda': 0.003081205508557351, 'alpha': 0.061472744220113756, 'colsample_bytree': 0.316917608388684, 'subsample': 0.4296850038137992, 'learning_rate': 0.038521780531107094, 'max_depth': 7, 'min_child_weight': 263, 'eval_metric': 'logloss'}. Best is trial 47 with value: 0.8569151135818653.
start listen on 192.168.1.101:58703
@tracker All of 4 nodes getting started
@tracker All nodes finishes job
Trial 48 finished with value: 0.8569615856326508 and parameters: {'objective': 'binary:logistic', 'tree_method': 'gpu_hist', 'lambda': 0.0032201640129294277, 'alpha': 0.20986254908776344, 'colsample_bytree': 0.3206242231642833, 'subsample': 0.5609741923139788, 'learning_rate': 0.036539178693654924, 'max_depth': 7, 'min_child_weight': 225, 'eval_metric': 'logloss'}. Best is trial 48 with value: 0.8569615856326508.
start listen on 192.168.1.101:36439
@tracker All of 4 nodes getting started
@tracker All nodes finishes job
Trial 49 finished with value: 0.8566219145269104 and parameters: {'objective': 'binary:logistic', 'tree_method': 'gpu_hist', 'lambda': 0.0026110190898677834, 'alpha': 0.21828801018145796, 'colsample_bytree': 0.30020990255291113, 'subsample': 0.4224511224179113, 'learning_rate': 0.04578062555405771, 'max_depth': 7, 'min_child_weight': 165, 'eval_metric': 'logloss'}. Best is trial 48 with value: 0.8569615856326508.
start listen on 192.168.1.101:50069
@tracker All of 4 nodes getting started
@tracker All nodes finishes job
Trial 50 finished with value: 0.8548783554974442 and parameters: {'objective': 'binary:logistic', 'tree_method': 'gpu_hist', 'lambda': 0.0018128463236326603, 'alpha': 0.01264598130060521, 'colsample_bytree': 0.34445988760501967, 'subsample': 0.4423083431209589, 'learning_rate': 0.0389519820528773, 'max_depth': 13, 'min_child_weight': 125, 'eval_metric': 'logloss'}. Best is trial 48 with value: 0.8569615856326508.
start listen on 192.168.1.101:45147
@tracker All of 4 nodes getting started
@tracker All nodes finishes job
Trial 51 finished with value: 0.8548096858962837 and parameters: {'objective': 'binary:logistic', 'tree_method': 'gpu_hist', 'lambda': 0.0035170824388149435, 'alpha': 0.09323832029587058, 'colsample_bytree': 0.3750720843818239, 'subsample': 0.5588759967493288, 'learning_rate': 0.08714777160103465, 'max_depth': 7, 'min_child_weight': 262, 'eval_metric': 'logloss'}. Best is trial 48 with value: 0.8569615856326508.
start listen on 192.168.1.101:56157
@tracker All of 4 nodes getting started
@tracker All nodes finishes job
Trial 52 finished with value: 0.8567578550292076 and parameters: {'objective': 'binary:logistic', 'tree_method': 'gpu_hist', 'lambda': 0.0030968355965104856, 'alpha': 0.21656951091366888, 'colsample_bytree': 0.4355262733978085, 'subsample': 0.6168340294570706, 'learning_rate': 0.037058847704453286, 'max_depth': 7, 'min_child_weight': 265, 'eval_metric': 'logloss'}. Best is trial 48 with value: 0.8569615856326508.
start listen on 192.168.1.101:36001
@tracker All of 4 nodes getting started
@tracker All nodes finishes job
Trial 53 finished with value: 0.856544144975596 and parameters: {'objective': 'binary:logistic', 'tree_method': 'gpu_hist', 'lambda': 5.5372970742909455, 'alpha': 0.11756032081252053, 'colsample_bytree': 0.4509345346972707, 'subsample': 0.5103353884515627, 'learning_rate': 0.024574692594732307, 'max_depth': 7, 'min_child_weight': 248, 'eval_metric': 'logloss'}. Best is trial 48 with value: 0.8569615856326508.
start listen on 192.168.1.101:34169
@tracker All of 4 nodes getting started
@tracker All nodes finishes job
Trial 54 finished with value: 0.8562317562203166 and parameters: {'objective': 'binary:logistic', 'tree_method': 'gpu_hist', 'lambda': 0.0031467843090206534, 'alpha': 0.30562150001508676, 'colsample_bytree': 0.33278124397139525, 'subsample': 0.610877061456958, 'learning_rate': 0.061554637968867745, 'max_depth': 7, 'min_child_weight': 222, 'eval_metric': 'logloss'}. Best is trial 48 with value: 0.8569615856326508.
start listen on 192.168.1.101:33397
@tracker All of 4 nodes getting started
@tracker All nodes finishes job
Trial 55 finished with value: 0.8569814298829861 and parameters: {'objective': 'binary:logistic', 'tree_method': 'gpu_hist', 'lambda': 0.005231497581969033, 'alpha': 0.1872233472222621, 'colsample_bytree': 0.405097835182179, 'subsample': 0.5648320382521332, 'learning_rate': 0.03738948192812668, 'max_depth': 7, 'min_child_weight': 266, 'eval_metric': 'logloss'}. Best is trial 55 with value: 0.8569814298829861.
start listen on 192.168.1.101:57483
@tracker All of 4 nodes getting started
@tracker All nodes finishes job
Trial 56 finished with value: 0.8568328730804755 and parameters: {'objective': 'binary:logistic', 'tree_method': 'gpu_hist', 'lambda': 0.0016590543261356258, 'alpha': 0.04682973251746897, 'colsample_bytree': 0.39886507989563724, 'subsample': 0.5653790297548095, 'learning_rate': 0.04739937630326019, 'max_depth': 5, 'min_child_weight': 286, 'eval_metric': 'logloss'}. Best is trial 55 with value: 0.8569814298829861.
start listen on 192.168.1.101:50751
@tracker All of 4 nodes getting started
@tracker All nodes finishes job
Trial 57 finished with value: 0.8568283989304 and parameters: {'objective': 'binary:logistic', 'tree_method': 'gpu_hist', 'lambda': 0.005114407047765599, 'alpha': 0.05058043188356247, 'colsample_bytree': 0.3877449770060749, 'subsample': 0.5677312427135516, 'learning_rate': 0.04444329117667974, 'max_depth': 5, 'min_child_weight': 284, 'eval_metric': 'logloss'}. Best is trial 55 with value: 0.8569814298829861.
start listen on 192.168.1.101:50251
@tracker All of 4 nodes getting started
@tracker All nodes finishes job
Trial 58 finished with value: 0.8564227020735438 and parameters: {'objective': 'binary:logistic', 'tree_method': 'gpu_hist', 'lambda': 0.0016414960350200727, 'alpha': 0.04394359725125431, 'colsample_bytree': 0.40633852388086933, 'subsample': 0.6664005496526731, 'learning_rate': 0.08651370595800542, 'max_depth': 5, 'min_child_weight': 254, 'eval_metric': 'logloss'}. Best is trial 55 with value: 0.8569814298829861.
start listen on 192.168.1.101:60831
@tracker All of 4 nodes getting started
@tracker All nodes finishes job
Trial 59 finished with value: 0.8568618523809653 and parameters: {'objective': 'binary:logistic', 'tree_method': 'gpu_hist', 'lambda': 0.0057757625651327065, 'alpha': 0.02600227125092175, 'colsample_bytree': 0.3444653036120093, 'subsample': 0.4555226536753081, 'learning_rate': 0.05224424814736791, 'max_depth': 5, 'min_child_weight': 287, 'eval_metric': 'logloss'}. Best is trial 55 with value: 0.8569814298829861.
start listen on 192.168.1.101:45523
@tracker All of 4 nodes getting started
@tracker All nodes finishes job
Trial 60 finished with value: 0.849616807958524 and parameters: {'objective': 'binary:logistic', 'tree_method': 'gpu_hist', 'lambda': 0.005888895146782475, 'alpha': 0.009294656382198622, 'colsample_bytree': 0.33719964895494514, 'subsample': 0.4589641249930139, 'learning_rate': 0.0024575624105193476, 'max_depth': 15, 'min_child_weight': 229, 'eval_metric': 'logloss'}. Best is trial 55 with value: 0.8569814298829861.
start listen on 192.168.1.101:53667
@tracker All of 4 nodes getting started
@tracker All nodes finishes job
Trial 61 finished with value: 0.8568846074813499 and parameters: {'objective': 'binary:logistic', 'tree_method': 'gpu_hist', 'lambda': 0.002106596778575127, 'alpha': 0.025347552967772028, 'colsample_bytree': 0.322411426764063, 'subsample': 0.5248722424111647, 'learning_rate': 0.05111228051912161, 'max_depth': 5, 'min_child_weight': 288, 'eval_metric': 'logloss'}. Best is trial 55 with value: 0.8569814298829861.
start listen on 192.168.1.101:60439
@tracker All of 4 nodes getting started
@tracker All nodes finishes job
Trial 62 finished with value: 0.8568370172305455 and parameters: {'objective': 'binary:logistic', 'tree_method': 'gpu_hist', 'lambda': 0.011284466979168368, 'alpha': 0.021893473191351674, 'colsample_bytree': 0.3188930431626916, 'subsample': 0.4242787165561481, 'learning_rate': 0.05958690433755836, 'max_depth': 5, 'min_child_weight': 290, 'eval_metric': 'logloss'}. Best is trial 55 with value: 0.8569814298829861.
start listen on 192.168.1.101:35865
@tracker All of 4 nodes getting started
@tracker All nodes finishes job
Trial 63 finished with value: 0.8563929888230415 and parameters: {'objective': 'binary:logistic', 'tree_method': 'gpu_hist', 'lambda': 0.006216720651790658, 'alpha': 0.06594969945017681, 'colsample_bytree': 0.3576502329636677, 'subsample': 0.5236841027468205, 'learning_rate': 0.0754456610815673, 'max_depth': 5, 'min_child_weight': 247, 'eval_metric': 'logloss'}. Best is trial 55 with value: 0.8569814298829861.
start listen on 192.168.1.101:48417
@tracker All of 4 nodes getting started
@tracker All nodes finishes job
Trial 64 finished with value: 0.8541499471851342 and parameters: {'objective': 'binary:logistic', 'tree_method': 'gpu_hist', 'lambda': 0.002247387638174727, 'alpha': 0.007519043902784998, 'colsample_bytree': 0.4495996179164825, 'subsample': 0.4493710060058994, 'learning_rate': 0.05091240641498755, 'max_depth': 17, 'min_child_weight': 265, 'eval_metric': 'logloss'}. Best is trial 55 with value: 0.8569814298829861.
start listen on 192.168.1.101:49113
@tracker All of 4 nodes getting started
@tracker All nodes finishes job
Trial 65 finished with value: 0.8566544032274594 and parameters: {'objective': 'binary:logistic', 'tree_method': 'gpu_hist', 'lambda': 0.0038401555812194055, 'alpha': 0.0786231603703172, 'colsample_bytree': 0.31769468035863985, 'subsample': 0.5414661435685124, 'learning_rate': 0.04173902019704103, 'max_depth': 5, 'min_child_weight': 258, 'eval_metric': 'logloss'}. Best is trial 55 with value: 0.8569814298829861.
start listen on 192.168.1.101:48027
@tracker All of 4 nodes getting started
@tracker All nodes finishes job
Trial 66 finished with value: 0.8540101375327713 and parameters: {'objective': 'binary:logistic', 'tree_method': 'gpu_hist', 'lambda': 0.0013496408855921045, 'alpha': 0.028952927312045584, 'colsample_bytree': 0.3549854366378548, 'subsample': 0.4790107080217172, 'learning_rate': 0.03449508829693346, 'max_depth': 3, 'min_child_weight': 37, 'eval_metric': 'logloss'}. Best is trial 55 with value: 0.8569814298829861.
start listen on 192.168.1.101:44389
@tracker All of 4 nodes getting started
@tracker All nodes finishes job
Trial 67 finished with value: 0.8567196378785619 and parameters: {'objective': 'binary:logistic', 'tree_method': 'gpu_hist', 'lambda': 2.2236055257592406, 'alpha': 0.0045049863328028746, 'colsample_bytree': 0.4859982854147243, 'subsample': 0.6305168370428598, 'learning_rate': 0.025120964746154814, 'max_depth': 20, 'min_child_weight': 281, 'eval_metric': 'logloss'}. Best is trial 55 with value: 0.8569814298829861.
start listen on 192.168.1.101:38499
@tracker All of 4 nodes getting started
@tracker All nodes finishes job
Trial 68 finished with value: 0.8558457087137925 and parameters: {'objective': 'binary:logistic', 'tree_method': 'gpu_hist', 'lambda': 0.0020920987436306537, 'alpha': 0.01391896809929552, 'colsample_bytree': 0.3837184926321605, 'subsample': 0.4261851196527549, 'learning_rate': 0.019595018883857895, 'max_depth': 7, 'min_child_weight': 300, 'eval_metric': 'logloss'}. Best is trial 55 with value: 0.8569814298829861.
start listen on 192.168.1.101:57123
@tracker All of 4 nodes getting started
@tracker All nodes finishes job
Trial 69 finished with value: 0.853952959381805 and parameters: {'objective': 'binary:logistic', 'tree_method': 'gpu_hist', 'lambda': 0.004314437574727363, 'alpha': 0.12332908788052184, 'colsample_bytree': 0.3232428727852416, 'subsample': 0.6046051574314022, 'learning_rate': 0.05225573464889798, 'max_depth': 11, 'min_child_weight': 87, 'eval_metric': 'logloss'}. Best is trial 55 with value: 0.8569814298829861.
start listen on 192.168.1.101:43135
@tracker All of 4 nodes getting started
@tracker All nodes finishes job
Trial 70 finished with value: 0.850673665026385 and parameters: {'objective': 'binary:logistic', 'tree_method': 'gpu_hist', 'lambda': 0.010165814205117191, 'alpha': 0.033103241867647175, 'colsample_bytree': 0.3014228136450851, 'subsample': 0.5273632204413853, 'learning_rate': 0.012118796294538775, 'max_depth': 5, 'min_child_weight': 272, 'eval_metric': 'logloss'}. Best is trial 55 with value: 0.8569814298829861.
start listen on 192.168.1.101:37413
@tracker All of 4 nodes getting started
@tracker All nodes finishes job
Trial 71 finished with value: 0.8567593429292331 and parameters: {'objective': 'binary:logistic', 'tree_method': 'gpu_hist', 'lambda': 0.010291114558027606, 'alpha': 0.0243989399371647, 'colsample_bytree': 0.3217412903107559, 'subsample': 0.4172850984666502, 'learning_rate': 0.06316966411516069, 'max_depth': 5, 'min_child_weight': 293, 'eval_metric': 'logloss'}. Best is trial 55 with value: 0.8569814298829861.
start listen on 192.168.1.101:44569
@tracker All of 4 nodes getting started
@tracker All nodes finishes job
Trial 72 finished with value: 0.8558662984641405 and parameters: {'objective': 'binary:logistic', 'tree_method': 'gpu_hist', 'lambda': 0.003105792163162469, 'alpha': 0.021090930602648716, 'colsample_bytree': 0.3716628215166371, 'subsample': 0.4363805465070693, 'learning_rate': 0.08253611818745485, 'max_depth': 5, 'min_child_weight': 289, 'eval_metric': 'logloss'}. Best is trial 55 with value: 0.8569814298829861.
start listen on 192.168.1.101:55405
@tracker All of 4 nodes getting started
@tracker All nodes finishes job
Trial 73 finished with value: 0.8554738029575072 and parameters: {'objective': 'binary:logistic', 'tree_method': 'gpu_hist', 'lambda': 0.012050137659657557, 'alpha': 0.32320101854405375, 'colsample_bytree': 0.3503714797590896, 'subsample': 0.4598483086417876, 'learning_rate': 0.09888323343474134, 'max_depth': 5, 'min_child_weight': 290, 'eval_metric': 'logloss'}. Best is trial 55 with value: 0.8569814298829861.
start listen on 192.168.1.101:46875
@tracker All of 4 nodes getting started
@tracker All nodes finishes job
Trial 74 finished with value: 0.8561033296181464 and parameters: {'objective': 'binary:logistic', 'tree_method': 'gpu_hist', 'lambda': 0.006180429700042011, 'alpha': 0.018448357323224123, 'colsample_bytree': 0.43292417515538534, 'subsample': 0.4077550532852681, 'learning_rate': 0.05840093983665504, 'max_depth': 7, 'min_child_weight': 277, 'eval_metric': 'logloss'}. Best is trial 55 with value: 0.8569814298829861.
start listen on 192.168.1.101:51481
@tracker All of 4 nodes getting started
@tracker All nodes finishes job
Trial 75 finished with value: 0.855908459514853 and parameters: {'objective': 'binary:logistic', 'tree_method': 'gpu_hist', 'lambda': 0.0013475952866585257, 'alpha': 0.10327598964524848, 'colsample_bytree': 0.3167488432472741, 'subsample': 0.49079447345725813, 'learning_rate': 0.04248345504458354, 'max_depth': 13, 'min_child_weight': 257, 'eval_metric': 'logloss'}. Best is trial 55 with value: 0.8569814298829861.
start listen on 192.168.1.101:55733
@tracker All of 4 nodes getting started
@tracker All nodes finishes job
Trial 76 finished with value: 0.8563970227731098 and parameters: {'objective': 'binary:logistic', 'tree_method': 'gpu_hist', 'lambda': 0.004950894015520147, 'alpha': 0.16682426604372735, 'colsample_bytree': 0.39759046260955977, 'subsample': 0.5964266998220372, 'learning_rate': 0.033848090453200315, 'max_depth': 15, 'min_child_weight': 266, 'eval_metric': 'logloss'}. Best is trial 55 with value: 0.8569814298829861.
start listen on 192.168.1.101:59781
@tracker All of 4 nodes getting started
@tracker All nodes finishes job
Trial 77 finished with value: 0.8555718663591645 and parameters: {'objective': 'binary:logistic', 'tree_method': 'gpu_hist', 'lambda': 0.002219436490280924, 'alpha': 0.06550810963960658, 'colsample_bytree': 0.3385732853083771, 'subsample': 0.5181325769015311, 'learning_rate': 0.02635021000680566, 'max_depth': 5, 'min_child_weight': 231, 'eval_metric': 'logloss'}. Best is trial 55 with value: 0.8569814298829861.
start listen on 192.168.1.101:57947
@tracker All of 4 nodes getting started
@tracker All nodes finishes job
Trial 78 finished with value: 0.8556305154601558 and parameters: {'objective': 'binary:logistic', 'tree_method': 'gpu_hist', 'lambda': 0.0028401460473208187, 'alpha': 0.03929712385606982, 'colsample_bytree': 0.46477640314247076, 'subsample': 0.46633331964980607, 'learning_rate': 0.06359750828530032, 'max_depth': 7, 'min_child_weight': 247, 'eval_metric': 'logloss'}. Best is trial 55 with value: 0.8569814298829861.
start listen on 192.168.1.101:45069
@tracker All of 4 nodes getting started
@tracker All nodes finishes job
Trial 79 finished with value: 0.8569019717316433 and parameters: {'objective': 'binary:logistic', 'tree_method': 'gpu_hist', 'lambda': 0.008008941112439683, 'alpha': 0.7334393247279742, 'colsample_bytree': 0.4190735482422686, 'subsample': 0.5757044875801314, 'learning_rate': 0.038751469236456046, 'max_depth': 7, 'min_child_weight': 285, 'eval_metric': 'logloss'}. Best is trial 55 with value: 0.8569814298829861.
start listen on 192.168.1.101:58399
@tracker All of 4 nodes getting started
@tracker All nodes finishes job
Trial 80 finished with value: 0.8567274313786937 and parameters: {'objective': 'binary:logistic', 'tree_method': 'gpu_hist', 'lambda': 0.019474234928727647, 'alpha': 1.1518936950015384, 'colsample_bytree': 0.3757653083114185, 'subsample': 0.5774730247077514, 'learning_rate': 0.028783864862078845, 'max_depth': 7, 'min_child_weight': 283, 'eval_metric': 'logloss'}. Best is trial 55 with value: 0.8569814298829861.
start listen on 192.168.1.101:43857
@tracker All of 4 nodes getting started
@tracker All nodes finishes job
Trial 81 finished with value: 0.8565750671761188 and parameters: {'objective': 'binary:logistic', 'tree_method': 'gpu_hist', 'lambda': 0.007828334670660748, 'alpha': 0.011136912183037731, 'colsample_bytree': 0.41077061529531295, 'subsample': 0.5443644847609751, 'learning_rate': 0.0555588405828408, 'max_depth': 7, 'min_child_weight': 298, 'eval_metric': 'logloss'}. Best is trial 55 with value: 0.8569814298829861.
start listen on 192.168.1.101:34529
@tracker All of 4 nodes getting started
@tracker All nodes finishes job
