A new study created in RDB with name: nov_2021_test_1000
Start optimization.
start listen on 192.168.1.101:59793
@tracker All of 4 nodes getting started
@tracker All nodes finishes job
Trial 0 finished with value: 0.8561821486194783 and parameters: {'objective': 'binary:logistic', 'tree_method': 'gpu_hist', 'lambda': 1.829281540471434, 'alpha': 0.018861783060632045, 'colsample_bytree': 0.8469904750169943, 'subsample': 0.6277172253356633, 'learning_rate': 0.02620957019546447, 'max_depth': 17, 'min_child_weight': 222, 'eval_metric': 'logloss'}. Best is trial 0 with value: 0.8561821486194783.
start listen on 192.168.1.101:41247
@tracker All of 4 nodes getting started
@tracker All nodes finishes job
Trial 1 finished with value: 0.8450900708320221 and parameters: {'objective': 'binary:logistic', 'tree_method': 'gpu_hist', 'lambda': 4.176437928800415, 'alpha': 0.019579100923162913, 'colsample_bytree': 0.8099781511815174, 'subsample': 0.7145457597631932, 'learning_rate': 0.0036042511385325684, 'max_depth': 9, 'min_child_weight': 203, 'eval_metric': 'logloss'}. Best is trial 0 with value: 0.8561821486194783.
start listen on 192.168.1.101:40709
@tracker All of 4 nodes getting started
@tracker All nodes finishes job
Trial 2 finished with value: 0.8563256446219034 and parameters: {'objective': 'binary:logistic', 'tree_method': 'gpu_hist', 'lambda': 0.3758702821272746, 'alpha': 7.025011108946065, 'colsample_bytree': 0.8027750504317854, 'subsample': 0.6175392404071117, 'learning_rate': 0.06832577216536033, 'max_depth': 5, 'min_child_weight': 51, 'eval_metric': 'logloss'}. Best is trial 2 with value: 0.8563256446219034.
start listen on 192.168.1.101:54221
@tracker All of 4 nodes getting started
@tracker All nodes finishes job
Trial 3 finished with value: 0.8489854089978535 and parameters: {'objective': 'binary:logistic', 'tree_method': 'gpu_hist', 'lambda': 8.307644775816682, 'alpha': 3.703056117679083, 'colsample_bytree': 0.4266080284391124, 'subsample': 0.6144822254021358, 'learning_rate': 0.003600086572611303, 'max_depth': 20, 'min_child_weight': 284, 'eval_metric': 'logloss'}. Best is trial 2 with value: 0.8563256446219034.
start listen on 192.168.1.101:42123
@tracker All of 4 nodes getting started
@tracker All nodes finishes job
Trial 4 finished with value: 0.8493042390032416 and parameters: {'objective': 'binary:logistic', 'tree_method': 'gpu_hist', 'lambda': 0.08549502995206706, 'alpha': 0.00944462330891141, 'colsample_bytree': 0.5327066305880493, 'subsample': 0.9453063090164657, 'learning_rate': 0.00408663926955717, 'max_depth': 11, 'min_child_weight': 151, 'eval_metric': 'logloss'}. Best is trial 2 with value: 0.8563256446219034.
start listen on 192.168.1.101:50747
@tracker All of 4 nodes getting started
@tracker All nodes finishes job
Trial 5 finished with value: 0.8421830643828938 and parameters: {'objective': 'binary:logistic', 'tree_method': 'gpu_hist', 'lambda': 0.22931245318655918, 'alpha': 0.07542257306276519, 'colsample_bytree': 0.6541166214292384, 'subsample': 0.8684363237985304, 'learning_rate': 0.00522302362284625, 'max_depth': 5, 'min_child_weight': 171, 'eval_metric': 'logloss'}. Best is trial 2 with value: 0.8563256446219034.
start listen on 192.168.1.101:58059
@tracker All of 4 nodes getting started
@tracker All nodes finishes job
Trial 6 finished with value: 0.8482321663351235 and parameters: {'objective': 'binary:logistic', 'tree_method': 'gpu_hist', 'lambda': 9.991135897420765, 'alpha': 6.052373992935492, 'colsample_bytree': 0.4181301261144592, 'subsample': 0.5901679681657938, 'learning_rate': 0.015959853593394732, 'max_depth': 3, 'min_child_weight': 68, 'eval_metric': 'logloss'}. Best is trial 2 with value: 0.8563256446219034.
start listen on 192.168.1.101:42245
@tracker All of 4 nodes getting started
@tracker All nodes finishes job
Trial 7 finished with value: 0.8432472207008779 and parameters: {'objective': 'binary:logistic', 'tree_method': 'gpu_hist', 'lambda': 1.8012910237451603, 'alpha': 0.01671010179989865, 'colsample_bytree': 0.7395094947464593, 'subsample': 0.687787872842589, 'learning_rate': 0.001618004246195588, 'max_depth': 17, 'min_child_weight': 219, 'eval_metric': 'logloss'}. Best is trial 2 with value: 0.8563256446219034.
start listen on 192.168.1.101:52705
@tracker All of 4 nodes getting started
@tracker All nodes finishes job
Trial 8 finished with value: 0.8306185023374527 and parameters: {'objective': 'binary:logistic', 'tree_method': 'gpu_hist', 'lambda': 0.06232274138281997, 'alpha': 8.716649778098395, 'colsample_bytree': 0.9014761134237372, 'subsample': 0.9968051446962173, 'learning_rate': 0.0014268073691639969, 'max_depth': 5, 'min_child_weight': 53, 'eval_metric': 'logloss'}. Best is trial 2 with value: 0.8563256446219034.
start listen on 192.168.1.101:37517
@tracker All of 4 nodes getting started
@tracker All nodes finishes job
Trial 9 finished with value: 0.8440271761140593 and parameters: {'objective': 'binary:logistic', 'tree_method': 'gpu_hist', 'lambda': 0.27905649772154273, 'alpha': 0.10613405534392842, 'colsample_bytree': 0.9941411150164885, 'subsample': 0.8049731457831751, 'learning_rate': 0.002710169435836491, 'max_depth': 17, 'min_child_weight': 211, 'eval_metric': 'logloss'}. Best is trial 2 with value: 0.8563256446219034.
start listen on 192.168.1.101:37683
@tracker All of 4 nodes getting started
@tracker All nodes finishes job
Trial 10 finished with value: 0.8420553166307349 and parameters: {'objective': 'binary:logistic', 'tree_method': 'gpu_hist', 'lambda': 0.00242291540425231, 'alpha': 0.8021005554129921, 'colsample_bytree': 0.3036232598897418, 'subsample': 0.4637927422071475, 'learning_rate': 0.09692840578104217, 'max_depth': 13, 'min_child_weight': 11, 'eval_metric': 'logloss'}. Best is trial 2 with value: 0.8563256446219034.
start listen on 192.168.1.101:52543
@tracker All of 4 nodes getting started
@tracker All nodes finishes job
Trial 11 finished with value: 0.8538160126794906 and parameters: {'objective': 'binary:logistic', 'tree_method': 'gpu_hist', 'lambda': 0.8873403533396192, 'alpha': 0.0026707172178456156, 'colsample_bytree': 0.8014086897212186, 'subsample': 0.4679803868772042, 'learning_rate': 0.03830804034413338, 'max_depth': 15, 'min_child_weight': 111, 'eval_metric': 'logloss'}. Best is trial 2 with value: 0.8563256446219034.
start listen on 192.168.1.101:59085
@tracker All of 4 nodes getting started
@tracker All nodes finishes job
Trial 12 finished with value: 0.8567201605285706 and parameters: {'objective': 'binary:logistic', 'tree_method': 'gpu_hist', 'lambda': 0.014728159024324302, 'alpha': 0.6213958665467241, 'colsample_bytree': 0.9036593889239386, 'subsample': 0.583130706952623, 'learning_rate': 0.0339686217828036, 'max_depth': 7, 'min_child_weight': 276, 'eval_metric': 'logloss'}. Best is trial 12 with value: 0.8567201605285706.
start listen on 192.168.1.101:33623
@tracker All of 4 nodes getting started
@tracker All nodes finishes job
Trial 13 finished with value: 0.8537348999781198 and parameters: {'objective': 'binary:logistic', 'tree_method': 'gpu_hist', 'lambda': 0.012664373970369451, 'alpha': 0.9098329552382437, 'colsample_bytree': 0.9919437474044092, 'subsample': 0.5367941011422452, 'learning_rate': 0.09434881517276363, 'max_depth': 7, 'min_child_weight': 291, 'eval_metric': 'logloss'}. Best is trial 12 with value: 0.8567201605285706.
start listen on 192.168.1.101:33033
@tracker All of 4 nodes getting started
@tracker All nodes finishes job
Trial 14 finished with value: 0.8560756690176787 and parameters: {'objective': 'binary:logistic', 'tree_method': 'gpu_hist', 'lambda': 0.01380212292776595, 'alpha': 0.9776046508374401, 'colsample_bytree': 0.6813367951795102, 'subsample': 0.40010772759178637, 'learning_rate': 0.04016522956322349, 'max_depth': 7, 'min_child_weight': 95, 'eval_metric': 'logloss'}. Best is trial 12 with value: 0.8567201605285706.
start listen on 192.168.1.101:35475
@tracker All of 4 nodes getting started
@tracker All nodes finishes job
Trial 15 finished with value: 0.850154614467613 and parameters: {'objective': 'binary:logistic', 'tree_method': 'gpu_hist', 'lambda': 0.019475432140596164, 'alpha': 0.25810455045383096, 'colsample_bytree': 0.8967314498904345, 'subsample': 0.7331703031353439, 'learning_rate': 0.011374101121239648, 'max_depth': 5, 'min_child_weight': 4, 'eval_metric': 'logloss'}. Best is trial 12 with value: 0.8567201605285706.
start listen on 192.168.1.101:44183
@tracker All of 4 nodes getting started
@tracker All nodes finishes job
Trial 16 finished with value: 0.8565272717753109 and parameters: {'objective': 'binary:logistic', 'tree_method': 'gpu_hist', 'lambda': 0.0017894025768398414, 'alpha': 2.3180848904289486, 'colsample_bytree': 0.5700539026921819, 'subsample': 0.5360743539844828, 'learning_rate': 0.04918996601694353, 'max_depth': 7, 'min_child_weight': 262, 'eval_metric': 'logloss'}. Best is trial 12 with value: 0.8567201605285706.
start listen on 192.168.1.101:56351
@tracker All of 4 nodes getting started
@tracker All nodes finishes job
Trial 17 finished with value: 0.8561178934183925 and parameters: {'objective': 'binary:logistic', 'tree_method': 'gpu_hist', 'lambda': 0.0015355304710661236, 'alpha': 1.5174025059791258, 'colsample_bytree': 0.55852509093281, 'subsample': 0.5278411171501348, 'learning_rate': 0.02199053408158298, 'max_depth': 7, 'min_child_weight': 257, 'eval_metric': 'logloss'}. Best is trial 12 with value: 0.8567201605285706.
start listen on 192.168.1.101:52217
@tracker All of 4 nodes getting started
@tracker All nodes finishes job
Trial 18 finished with value: 0.8565591674758499 and parameters: {'objective': 'binary:logistic', 'tree_method': 'gpu_hist', 'lambda': 0.00425645229256107, 'alpha': 0.23091828619791063, 'colsample_bytree': 0.5817964528035728, 'subsample': 0.5259288773412768, 'learning_rate': 0.0389636657212083, 'max_depth': 7, 'min_child_weight': 254, 'eval_metric': 'logloss'}. Best is trial 12 with value: 0.8567201605285706.
start listen on 192.168.1.101:50851
@tracker All of 4 nodes getting started
@tracker All nodes finishes job
Trial 19 finished with value: 0.8511584660345781 and parameters: {'objective': 'binary:logistic', 'tree_method': 'gpu_hist', 'lambda': 0.03615764922854146, 'alpha': 0.27758296634195145, 'colsample_bytree': 0.4890511145900429, 'subsample': 0.40422159765596183, 'learning_rate': 0.00868497519681564, 'max_depth': 7, 'min_child_weight': 250, 'eval_metric': 'logloss'}. Best is trial 12 with value: 0.8567201605285706.
start listen on 192.168.1.101:50383
@tracker All of 4 nodes getting started
@tracker All nodes finishes job
Trial 20 finished with value: 0.85642307017355 and parameters: {'objective': 'binary:logistic', 'tree_method': 'gpu_hist', 'lambda': 0.005585485774424713, 'alpha': 0.3251957585014959, 'colsample_bytree': 0.717150020256353, 'subsample': 0.6810346379022978, 'learning_rate': 0.023146859056363878, 'max_depth': 20, 'min_child_weight': 182, 'eval_metric': 'logloss'}. Best is trial 12 with value: 0.8567201605285706.
start listen on 192.168.1.101:42025
@tracker All of 4 nodes getting started
@tracker All nodes finishes job
Trial 21 finished with value: 0.856039582167069 and parameters: {'objective': 'binary:logistic', 'tree_method': 'gpu_hist', 'lambda': 0.0044199905620685214, 'alpha': 2.2485201497264184, 'colsample_bytree': 0.5887098241725284, 'subsample': 0.5464538703036877, 'learning_rate': 0.05748072254259287, 'max_depth': 7, 'min_child_weight': 256, 'eval_metric': 'logloss'}. Best is trial 12 with value: 0.8567201605285706.
start listen on 192.168.1.101:37491
@tracker All of 4 nodes getting started
@tracker All nodes finishes job
Trial 22 finished with value: 0.856541484475551 and parameters: {'objective': 'binary:logistic', 'tree_method': 'gpu_hist', 'lambda': 0.0010951419567274043, 'alpha': 0.081011295644827, 'colsample_bytree': 0.6106011643174393, 'subsample': 0.4831657184155627, 'learning_rate': 0.04362362771959449, 'max_depth': 7, 'min_child_weight': 293, 'eval_metric': 'logloss'}. Best is trial 12 with value: 0.8567201605285706.
start listen on 192.168.1.101:33155
@tracker All of 4 nodes getting started
@tracker All nodes finishes job
Trial 23 finished with value: 0.8567102529284032 and parameters: {'objective': 'binary:logistic', 'tree_method': 'gpu_hist', 'lambda': 0.0011037135226331088, 'alpha': 0.062366516125542164, 'colsample_bytree': 0.6380313492937231, 'subsample': 0.47714895771012045, 'learning_rate': 0.03167415765819756, 'max_depth': 7, 'min_child_weight': 300, 'eval_metric': 'logloss'}. Best is trial 12 with value: 0.8567201605285706.
start listen on 192.168.1.101:40439
@tracker All of 4 nodes getting started
@tracker All nodes finishes job
Trial 24 finished with value: 0.8466572451585075 and parameters: {'objective': 'binary:logistic', 'tree_method': 'gpu_hist', 'lambda': 0.004014823255363281, 'alpha': 0.052407474070365764, 'colsample_bytree': 0.4793961403892172, 'subsample': 0.47638615757493885, 'learning_rate': 0.013181498189222329, 'max_depth': 3, 'min_child_weight': 300, 'eval_metric': 'logloss'}. Best is trial 12 with value: 0.8567201605285706.
start listen on 192.168.1.101:51787
@tracker All of 4 nodes getting started
@tracker All nodes finishes job
Trial 25 finished with value: 0.8566564020274932 and parameters: {'objective': 'binary:logistic', 'tree_method': 'gpu_hist', 'lambda': 0.008070227654457625, 'alpha': 0.4506742898317358, 'colsample_bytree': 0.7297159886387178, 'subsample': 0.5872971417515171, 'learning_rate': 0.027812289053501294, 'max_depth': 9, 'min_child_weight': 237, 'eval_metric': 'logloss'}. Best is trial 12 with value: 0.8567201605285706.
start listen on 192.168.1.101:41075
@tracker All of 4 nodes getting started
@tracker All nodes finishes job
Trial 26 finished with value: 0.8517730378449643 and parameters: {'objective': 'binary:logistic', 'tree_method': 'gpu_hist', 'lambda': 0.007711849899254811, 'alpha': 0.6110714363076997, 'colsample_bytree': 0.740457050820176, 'subsample': 0.5774971312824559, 'learning_rate': 0.007486901929483964, 'max_depth': 9, 'min_child_weight': 231, 'eval_metric': 'logloss'}. Best is trial 12 with value: 0.8567201605285706.
start listen on 192.168.1.101:54777
@tracker All of 4 nodes getting started
@tracker All nodes finishes job
Trial 27 finished with value: 0.8565792442761893 and parameters: {'objective': 'binary:logistic', 'tree_method': 'gpu_hist', 'lambda': 0.02970567642437275, 'alpha': 0.14762914118060474, 'colsample_bytree': 0.9279049392693333, 'subsample': 0.7723621389833822, 'learning_rate': 0.02989356860696593, 'max_depth': 9, 'min_child_weight': 273, 'eval_metric': 'logloss'}. Best is trial 12 with value: 0.8567201605285706.
start listen on 192.168.1.101:54297
@tracker All of 4 nodes getting started
@tracker All nodes finishes job
Trial 28 finished with value: 0.8563862788729281 and parameters: {'objective': 'binary:logistic', 'tree_method': 'gpu_hist', 'lambda': 0.002603597891791549, 'alpha': 0.001054951773189885, 'colsample_bytree': 0.6817969255793298, 'subsample': 0.6371166856695444, 'learning_rate': 0.01694393871024356, 'max_depth': 11, 'min_child_weight': 238, 'eval_metric': 'logloss'}. Best is trial 12 with value: 0.8567201605285706.
start listen on 192.168.1.101:44257
@tracker All of 4 nodes getting started
@tracker All nodes finishes job
Trial 29 finished with value: 0.8564355755237612 and parameters: {'objective': 'binary:logistic', 'tree_method': 'gpu_hist', 'lambda': 0.009517667707527218, 'alpha': 0.03745510021772652, 'colsample_bytree': 0.8582339763616406, 'subsample': 0.4435112635687013, 'learning_rate': 0.027525253942059177, 'max_depth': 13, 'min_child_weight': 281, 'eval_metric': 'logloss'}. Best is trial 12 with value: 0.8567201605285706.
start listen on 192.168.1.101:46325
@tracker All of 4 nodes getting started
@tracker All nodes finishes job
Trial 30 finished with value: 0.8563657923225818 and parameters: {'objective': 'binary:logistic', 'tree_method': 'gpu_hist', 'lambda': 0.044081821905798235, 'alpha': 0.5355502795837238, 'colsample_bytree': 0.7759856701984552, 'subsample': 0.6523893005338828, 'learning_rate': 0.01831337187868441, 'max_depth': 15, 'min_child_weight': 189, 'eval_metric': 'logloss'}. Best is trial 12 with value: 0.8567201605285706.
start listen on 192.168.1.101:43167
@tracker All of 4 nodes getting started
@tracker All nodes finishes job
Trial 31 finished with value: 0.8564511754240249 and parameters: {'objective': 'binary:logistic', 'tree_method': 'gpu_hist', 'lambda': 0.02409658897963293, 'alpha': 0.13376511409175726, 'colsample_bytree': 0.9448823233873669, 'subsample': 0.7719104833449381, 'learning_rate': 0.030530519518586582, 'max_depth': 9, 'min_child_weight': 274, 'eval_metric': 'logloss'}. Best is trial 12 with value: 0.8567201605285706.
start listen on 192.168.1.101:59203
@tracker All of 4 nodes getting started
@tracker All nodes finishes job
Trial 32 finished with value: 0.8563975448731185 and parameters: {'objective': 'binary:logistic', 'tree_method': 'gpu_hist', 'lambda': 0.029855027982680728, 'alpha': 0.03913461214039921, 'colsample_bytree': 0.8513959691254802, 'subsample': 0.8522849283473731, 'learning_rate': 0.02955467802486734, 'max_depth': 9, 'min_child_weight': 269, 'eval_metric': 'logloss'}. Best is trial 12 with value: 0.8567201605285706.
start listen on 192.168.1.101:60215
@tracker All of 4 nodes getting started
@tracker All nodes finishes job
Trial 33 finished with value: 0.8542348462865689 and parameters: {'objective': 'binary:logistic', 'tree_method': 'gpu_hist', 'lambda': 0.17373315703501105, 'alpha': 0.15968262287951995, 'colsample_bytree': 0.9242904962315065, 'subsample': 0.7476100928226839, 'learning_rate': 0.06609978040558574, 'max_depth': 9, 'min_child_weight': 238, 'eval_metric': 'logloss'}. Best is trial 12 with value: 0.8567201605285706.
start listen on 192.168.1.101:32805
@tracker All of 4 nodes getting started
@tracker All nodes finishes job
Trial 34 finished with value: 0.8565161900751237 and parameters: {'objective': 'binary:logistic', 'tree_method': 'gpu_hist', 'lambda': 0.12395781434989603, 'alpha': 0.4298340570686377, 'colsample_bytree': 0.9590193218724254, 'subsample': 0.5883516632461395, 'learning_rate': 0.03200123476090919, 'max_depth': 9, 'min_child_weight': 300, 'eval_metric': 'logloss'}. Best is trial 12 with value: 0.8567201605285706.
start listen on 192.168.1.101:51041
@tracker All of 4 nodes getting started
@tracker All nodes finishes job
Trial 35 finished with value: 0.8565502683256995 and parameters: {'objective': 'binary:logistic', 'tree_method': 'gpu_hist', 'lambda': 0.016943520945778147, 'alpha': 0.01602276713419679, 'colsample_bytree': 0.8316340068375998, 'subsample': 0.6599122112770891, 'learning_rate': 0.02216025388222404, 'max_depth': 9, 'min_child_weight': 276, 'eval_metric': 'logloss'}. Best is trial 12 with value: 0.8567201605285706.
start listen on 192.168.1.101:33877
@tracker All of 4 nodes getting started
@tracker All nodes finishes job
Trial 36 finished with value: 0.851206094435383 and parameters: {'objective': 'binary:logistic', 'tree_method': 'gpu_hist', 'lambda': 0.007522042924530812, 'alpha': 0.1680096623795854, 'colsample_bytree': 0.6267825196293177, 'subsample': 0.7903577185756806, 'learning_rate': 0.07108657359689079, 'max_depth': 20, 'min_child_weight': 198, 'eval_metric': 'logloss'}. Best is trial 12 with value: 0.8567201605285706.
start listen on 192.168.1.101:46579
@tracker All of 4 nodes getting started
@tracker All nodes finishes job
Trial 37 finished with value: 0.8554346264568452 and parameters: {'objective': 'binary:logistic', 'tree_method': 'gpu_hist', 'lambda': 0.07124204270861452, 'alpha': 0.005627762117407546, 'colsample_bytree': 0.8742258306189212, 'subsample': 0.850684285260827, 'learning_rate': 0.01495600376495795, 'max_depth': 9, 'min_child_weight': 146, 'eval_metric': 'logloss'}. Best is trial 12 with value: 0.8567201605285706.
start listen on 192.168.1.101:45715
@tracker All of 4 nodes getting started
@tracker All nodes finishes job
Trial 38 finished with value: 0.8252268265963334 and parameters: {'objective': 'binary:logistic', 'tree_method': 'gpu_hist', 'lambda': 0.5294189495476564, 'alpha': 0.024786208559343267, 'colsample_bytree': 0.755954758684662, 'subsample': 0.6118913415982145, 'learning_rate': 0.0010151540570009403, 'max_depth': 3, 'min_child_weight': 222, 'eval_metric': 'logloss'}. Best is trial 12 with value: 0.8567201605285706.
start listen on 192.168.1.101:55293
@tracker All of 4 nodes getting started
@tracker All nodes finishes job
Trial 39 finished with value: 0.8549070589479294 and parameters: {'objective': 'binary:logistic', 'tree_method': 'gpu_hist', 'lambda': 0.002449201288554613, 'alpha': 0.06268634558096726, 'colsample_bytree': 0.8073604900700031, 'subsample': 0.6995571683951368, 'learning_rate': 0.0515479542064179, 'max_depth': 11, 'min_child_weight': 242, 'eval_metric': 'logloss'}. Best is trial 12 with value: 0.8567201605285706.
start listen on 192.168.1.101:47861
@tracker All of 4 nodes getting started
@tracker All nodes finishes job
Trial 40 finished with value: 0.851869640596597 and parameters: {'objective': 'binary:logistic', 'tree_method': 'gpu_hist', 'lambda': 0.043402133700643636, 'alpha': 1.2739215262999164, 'colsample_bytree': 0.6723887641995117, 'subsample': 0.8822017223550399, 'learning_rate': 0.005965293650118942, 'max_depth': 17, 'min_child_weight': 148, 'eval_metric': 'logloss'}. Best is trial 12 with value: 0.8567201605285706.
start listen on 192.168.1.101:55115
@tracker All of 4 nodes getting started
@tracker All nodes finishes job
