Trial 82 finished with value: 0.8568731280311558 and parameters: {'objective': 'binary:logistic', 'tree_method': 'gpu_hist', 'lambda': 0.013649524434146439, 'alpha': 0.7444012324190671, 'colsample_bytree': 0.5106318596746285, 'subsample': 0.6468543504871069, 'learning_rate': 0.03890951785342438, 'max_depth': 7, 'min_child_weight': 277, 'eval_metric': 'logloss'}. Best is trial 55 with value: 0.8569814298829861.
start listen on 192.168.1.101:56813
@tracker All of 4 nodes getting started
@tracker All nodes finishes job
Trial 83 finished with value: 0.8566842669779641 and parameters: {'objective': 'binary:logistic', 'tree_method': 'gpu_hist', 'lambda': 0.003969650343161318, 'alpha': 0.7919546286850254, 'colsample_bytree': 0.5493976595362008, 'subsample': 0.6369519062398254, 'learning_rate': 0.03529529165601152, 'max_depth': 7, 'min_child_weight': 273, 'eval_metric': 'logloss'}. Best is trial 55 with value: 0.8569814298829861.
start listen on 192.168.1.101:48099
@tracker All of 4 nodes getting started
@tracker All nodes finishes job
Trial 84 finished with value: 0.856856921580882 and parameters: {'objective': 'binary:logistic', 'tree_method': 'gpu_hist', 'lambda': 0.015604663393007381, 'alpha': 3.8496323909229333, 'colsample_bytree': 0.513593619807334, 'subsample': 0.5755281001959109, 'learning_rate': 0.03794939217319384, 'max_depth': 7, 'min_child_weight': 279, 'eval_metric': 'logloss'}. Best is trial 55 with value: 0.8569814298829861.
start listen on 192.168.1.101:47155
@tracker All of 4 nodes getting started
@tracker All nodes finishes job
Trial 85 finished with value: 0.8567455107789991 and parameters: {'objective': 'binary:logistic', 'tree_method': 'gpu_hist', 'lambda': 0.008360598044657601, 'alpha': 4.857497478125517, 'colsample_bytree': 0.4948443718319403, 'subsample': 0.6493719578056878, 'learning_rate': 0.046779592583498474, 'max_depth': 7, 'min_child_weight': 260, 'eval_metric': 'logloss'}. Best is trial 55 with value: 0.8569814298829861.
start listen on 192.168.1.101:45967
@tracker All of 4 nodes getting started
@tracker All nodes finishes job
Trial 86 finished with value: 0.8568712492811241 and parameters: {'objective': 'binary:logistic', 'tree_method': 'gpu_hist', 'lambda': 0.014811597703402323, 'alpha': 1.7091433744061524, 'colsample_bytree': 0.5041456480154421, 'subsample': 0.6800375190206054, 'learning_rate': 0.040405689464663844, 'max_depth': 7, 'min_child_weight': 278, 'eval_metric': 'logloss'}. Best is trial 55 with value: 0.8569814298829861.
start listen on 192.168.1.101:41921
@tracker All of 4 nodes getting started
@tracker All nodes finishes job
Trial 87 finished with value: 0.856746925529023 and parameters: {'objective': 'binary:logistic', 'tree_method': 'gpu_hist', 'lambda': 0.02193261364135576, 'alpha': 2.3190630090048847, 'colsample_bytree': 0.6036151782848258, 'subsample': 0.6782129670437201, 'learning_rate': 0.04200657970029799, 'max_depth': 7, 'min_child_weight': 215, 'eval_metric': 'logloss'}. Best is trial 55 with value: 0.8569814298829861.
start listen on 192.168.1.101:45757
@tracker All of 4 nodes getting started
@tracker All nodes finishes job
Trial 88 finished with value: 0.8566667984776689 and parameters: {'objective': 'binary:logistic', 'tree_method': 'gpu_hist', 'lambda': 0.004939105089045759, 'alpha': 1.8197349321503657, 'colsample_bytree': 0.5472186049837064, 'subsample': 0.7049395445417485, 'learning_rate': 0.022734358305752718, 'max_depth': 17, 'min_child_weight': 242, 'eval_metric': 'logloss'}. Best is trial 55 with value: 0.8569814298829861.
start listen on 192.168.1.101:50299
@tracker All of 4 nodes getting started
@tracker All nodes finishes job
Trial 89 finished with value: 0.8564632831242296 and parameters: {'objective': 'binary:logistic', 'tree_method': 'gpu_hist', 'lambda': 0.006822596822678065, 'alpha': 0.666049676935925, 'colsample_bytree': 0.5048820180356112, 'subsample': 0.7256350612954876, 'learning_rate': 0.030870797499084706, 'max_depth': 20, 'min_child_weight': 251, 'eval_metric': 'logloss'}. Best is trial 55 with value: 0.8569814298829861.
start listen on 192.168.1.101:41275
@tracker All of 4 nodes getting started
@tracker All nodes finishes job
Trial 90 finished with value: 0.8564781455244805 and parameters: {'objective': 'binary:logistic', 'tree_method': 'gpu_hist', 'lambda': 0.01404528926669264, 'alpha': 1.6794681299362886, 'colsample_bytree': 0.5738642065484425, 'subsample': 0.597701193055978, 'learning_rate': 0.04956682787144954, 'max_depth': 7, 'min_child_weight': 269, 'eval_metric': 'logloss'}. Best is trial 55 with value: 0.8569814298829861.
start listen on 192.168.1.101:50229
@tracker All of 4 nodes getting started
@tracker All nodes finishes job
Trial 91 finished with value: 0.8569965551332418 and parameters: {'objective': 'binary:logistic', 'tree_method': 'gpu_hist', 'lambda': 0.015388818485875956, 'alpha': 3.026338601787374, 'colsample_bytree': 0.46664016430728233, 'subsample': 0.5842658403406653, 'learning_rate': 0.0393903446066238, 'max_depth': 7, 'min_child_weight': 280, 'eval_metric': 'logloss'}. Best is trial 91 with value: 0.8569965551332418.
start listen on 192.168.1.101:33195
@tracker All of 4 nodes getting started
@tracker All nodes finishes job
Trial 92 finished with value: 0.8568780351812388 and parameters: {'objective': 'binary:logistic', 'tree_method': 'gpu_hist', 'lambda': 0.025112280566529744, 'alpha': 8.063176868914617, 'colsample_bytree': 0.4707288954738337, 'subsample': 0.551356423927482, 'learning_rate': 0.03974486961050293, 'max_depth': 7, 'min_child_weight': 294, 'eval_metric': 'logloss'}. Best is trial 91 with value: 0.8569965551332418.
start listen on 192.168.1.101:39019
@tracker All of 4 nodes getting started
@tracker All nodes finishes job
Trial 93 finished with value: 0.856863139480987 and parameters: {'objective': 'binary:logistic', 'tree_method': 'gpu_hist', 'lambda': 0.047229580466364475, 'alpha': 8.480149499371754, 'colsample_bytree': 0.46839064383852663, 'subsample': 0.5553968572594808, 'learning_rate': 0.040197596115678205, 'max_depth': 7, 'min_child_weight': 293, 'eval_metric': 'logloss'}. Best is trial 91 with value: 0.8569965551332418.
start listen on 192.168.1.101:32959
@tracker All of 4 nodes getting started
@tracker All nodes finishes job
Trial 94 finished with value: 0.8568798970812703 and parameters: {'objective': 'binary:logistic', 'tree_method': 'gpu_hist', 'lambda': 0.027549086492728803, 'alpha': 3.3111722747318466, 'colsample_bytree': 0.4532762303942719, 'subsample': 0.6287289280822917, 'learning_rate': 0.03263031479930697, 'max_depth': 7, 'min_child_weight': 275, 'eval_metric': 'logloss'}. Best is trial 91 with value: 0.8569965551332418.
start listen on 192.168.1.101:37201
@tracker All of 4 nodes getting started
@tracker All nodes finishes job
Trial 95 finished with value: 0.8565866854763151 and parameters: {'objective': 'binary:logistic', 'tree_method': 'gpu_hist', 'lambda': 0.02392802175986716, 'alpha': 6.242087593603865, 'colsample_bytree': 0.44934946747744176, 'subsample': 0.589381936882309, 'learning_rate': 0.02745017221822682, 'max_depth': 7, 'min_child_weight': 265, 'eval_metric': 'logloss'}. Best is trial 91 with value: 0.8569965551332418.
start listen on 192.168.1.101:59405
@tracker All of 4 nodes getting started
@tracker All nodes finishes job
Trial 96 finished with value: 0.8567845338296587 and parameters: {'objective': 'binary:logistic', 'tree_method': 'gpu_hist', 'lambda': 0.027974722595821972, 'alpha': 3.257709366272, 'colsample_bytree': 0.4759385749997985, 'subsample': 0.6211033667409552, 'learning_rate': 0.032079454665810796, 'max_depth': 7, 'min_child_weight': 273, 'eval_metric': 'logloss'}. Best is trial 91 with value: 0.8569965551332418.
start listen on 192.168.1.101:52391
@tracker All of 4 nodes getting started
@tracker All nodes finishes job
Trial 97 finished with value: 0.8568673046310574 and parameters: {'objective': 'binary:logistic', 'tree_method': 'gpu_hist', 'lambda': 0.0628304039004402, 'alpha': 7.563754623550824, 'colsample_bytree': 0.4313974461407827, 'subsample': 0.53519215792982, 'learning_rate': 0.03719169405384705, 'max_depth': 7, 'min_child_weight': 262, 'eval_metric': 'logloss'}. Best is trial 91 with value: 0.8569965551332418.
start listen on 192.168.1.101:48643
@tracker All of 4 nodes getting started
@tracker All nodes finishes job
Trial 98 finished with value: 0.8551824374025833 and parameters: {'objective': 'binary:logistic', 'tree_method': 'gpu_hist', 'lambda': 0.03651084150490659, 'alpha': 3.266164945642944, 'colsample_bytree': 0.5271671288843506, 'subsample': 0.6430711289220126, 'learning_rate': 0.04545934596031659, 'max_depth': 3, 'min_child_weight': 284, 'eval_metric': 'logloss'}. Best is trial 91 with value: 0.8569965551332418.
start listen on 192.168.1.101:37149
@tracker All of 4 nodes getting started
@tracker All nodes finishes job
Trial 99 finished with value: 0.8558977275146716 and parameters: {'objective': 'binary:logistic', 'tree_method': 'gpu_hist', 'lambda': 0.10505718045386506, 'alpha': 9.696893560036605, 'colsample_bytree': 0.44313361781810334, 'subsample': 0.6231658651697818, 'learning_rate': 0.02100182524883053, 'max_depth': 7, 'min_child_weight': 296, 'eval_metric': 'logloss'}. Best is trial 91 with value: 0.8569965551332418.
start listen on 192.168.1.101:39757
@tracker All of 4 nodes getting started
@tracker All nodes finishes job
Trial 100 finished with value: 0.8564020500731947 and parameters: {'objective': 'binary:logistic', 'tree_method': 'gpu_hist', 'lambda': 0.009246403859934837, 'alpha': 4.589137752010231, 'colsample_bytree': 0.4200420484772982, 'subsample': 0.5518969528253086, 'learning_rate': 0.02415071820541084, 'max_depth': 7, 'min_child_weight': 201, 'eval_metric': 'logloss'}. Best is trial 91 with value: 0.8569965551332418.
start listen on 192.168.1.101:58993
@tracker All of 4 nodes getting started
@tracker All nodes finishes job
Trial 101 finished with value: 0.8568173179302127 and parameters: {'objective': 'binary:logistic', 'tree_method': 'gpu_hist', 'lambda': 0.018354553662728514, 'alpha': 2.620585020883317, 'colsample_bytree': 0.4986410543640287, 'subsample': 0.6925023437503162, 'learning_rate': 0.031096747961830606, 'max_depth': 7, 'min_child_weight': 279, 'eval_metric': 'logloss'}. Best is trial 91 with value: 0.8569965551332418.
start listen on 192.168.1.101:34453
@tracker All of 4 nodes getting started
@tracker All nodes finishes job
Trial 102 finished with value: 0.8567836811296443 and parameters: {'objective': 'binary:logistic', 'tree_method': 'gpu_hist', 'lambda': 0.01464176685969467, 'alpha': 0.9880149781156322, 'colsample_bytree': 0.46606995388370176, 'subsample': 0.5706292593778519, 'learning_rate': 0.03933723521517853, 'max_depth': 7, 'min_child_weight': 275, 'eval_metric': 'logloss'}. Best is trial 91 with value: 0.8569965551332418.
start listen on 192.168.1.101:59059
@tracker All of 4 nodes getting started
@tracker All nodes finishes job
Trial 103 finished with value: 0.8567533981791324 and parameters: {'objective': 'binary:logistic', 'tree_method': 'gpu_hist', 'lambda': 0.03334181911617003, 'alpha': 1.3339439726884366, 'colsample_bytree': 0.45748935321009354, 'subsample': 0.6588006650299398, 'learning_rate': 0.03349746316158565, 'max_depth': 11, 'min_child_weight': 283, 'eval_metric': 'logloss'}. Best is trial 91 with value: 0.8569965551332418.
start listen on 192.168.1.101:57865
@tracker All of 4 nodes getting started
@tracker All nodes finishes job
Trial 104 finished with value: 0.8568135231801486 and parameters: {'objective': 'binary:logistic', 'tree_method': 'gpu_hist', 'lambda': 0.001307220546274434, 'alpha': 0.508293636320694, 'colsample_bytree': 0.42190751355424405, 'subsample': 0.6691258869195903, 'learning_rate': 0.044568258580987515, 'max_depth': 7, 'min_child_weight': 267, 'eval_metric': 'logloss'}. Best is trial 91 with value: 0.8569965551332418.
start listen on 192.168.1.101:58063
@tracker All of 4 nodes getting started
@tracker All nodes finishes job
Trial 105 finished with value: 0.8566400227272164 and parameters: {'objective': 'binary:logistic', 'tree_method': 'gpu_hist', 'lambda': 0.016686625423084453, 'alpha': 1.9046566280723232, 'colsample_bytree': 0.4828435872241334, 'subsample': 0.580352931724584, 'learning_rate': 0.02875754121748689, 'max_depth': 7, 'min_child_weight': 293, 'eval_metric': 'logloss'}. Best is trial 91 with value: 0.8569965551332418.
start listen on 192.168.1.101:46623
@tracker All of 4 nodes getting started
@tracker All nodes finishes job
Trial 106 finished with value: 0.856165379019195 and parameters: {'objective': 'binary:logistic', 'tree_method': 'gpu_hist', 'lambda': 0.0033384161205822745, 'alpha': 0.3738843220521113, 'colsample_bytree': 0.5177458654187086, 'subsample': 0.9969687681049074, 'learning_rate': 0.06968595931992565, 'max_depth': 7, 'min_child_weight': 256, 'eval_metric': 'logloss'}. Best is trial 91 with value: 0.8569965551332418.
start listen on 192.168.1.101:58379
@tracker All of 4 nodes getting started
@tracker All nodes finishes job
Trial 107 finished with value: 0.8564059085732598 and parameters: {'objective': 'binary:logistic', 'tree_method': 'gpu_hist', 'lambda': 0.012734828197872791, 'alpha': 5.463959834573256, 'colsample_bytree': 0.39366849959107086, 'subsample': 0.6031419095706257, 'learning_rate': 0.055495981270625584, 'max_depth': 7, 'min_child_weight': 139, 'eval_metric': 'logloss'}. Best is trial 91 with value: 0.8569965551332418.
start listen on 192.168.1.101:36435
@tracker All of 4 nodes getting started
@tracker All nodes finishes job
Trial 108 finished with value: 0.8533104868709471 and parameters: {'objective': 'binary:logistic', 'tree_method': 'gpu_hist', 'lambda': 0.02700512410588416, 'alpha': 3.0446740851758993, 'colsample_bytree': 0.5446846887260406, 'subsample': 0.5099724922892055, 'learning_rate': 0.00878157501480624, 'max_depth': 13, 'min_child_weight': 278, 'eval_metric': 'logloss'}. Best is trial 91 with value: 0.8569965551332418.
start listen on 192.168.1.101:58929
@tracker All of 4 nodes getting started
