number,value,params_alpha,params_colsample_bytree,params_eval_metric,params_lambda,params_learning_rate,params_max_depth,params_min_child_weight,params_objective,params_subsample,params_tree_method,state
256,0.8570223352836774,8.211435783953053,0.30096193996404724,logloss,0.004165786365399425,0.0400235629041078,7,203,binary:logistic,0.5714917198870112,gpu_hist,COMPLETE
257,0.856915323981869,0.37206576524361146,0.30086699202302075,logloss,0.004066826289490009,0.03832664156241867,7,202,binary:logistic,0.5999337664157953,gpu_hist,COMPLETE
258,0.856679763727888,8.127591243416342,0.3120066904533493,logloss,0.004972646156031226,0.034247822214340765,11,225,binary:logistic,0.581813731488424,gpu_hist,COMPLETE
259,0.8568966921315542,6.038055262065504,0.30033799639785613,logloss,0.0033114472412495814,0.04056198952319091,7,212,binary:logistic,0.5734318728180058,gpu_hist,COMPLETE
260,0.8568433927806534,9.943560498941235,0.32532859230034605,logloss,0.0037019563406762335,0.04788908360640986,7,219,binary:logistic,0.5952071130305351,gpu_hist,COMPLETE
261,0.8565940744264399,0.250668430286213,0.9782100202671663,logloss,0.006545125633788362,0.030622295785478558,7,222,binary:logistic,0.5520532972426209,gpu_hist,COMPLETE
262,0.8569606073826344,0.003417156242930162,0.3355107686059557,logloss,0.0031115187997806134,0.039323162505959505,7,200,binary:logistic,0.6095144145403651,gpu_hist,COMPLETE
263,0.855598754559619,0.005310097146849779,0.31759223830921895,logloss,0.0030001442479315426,0.041695081545446204,13,200,binary:logistic,0.6079549726562684,gpu_hist,COMPLETE
264,0.8567791773295681,0.002691634838683036,0.3341028353833858,logloss,0.004393105382030544,0.046356109945324415,7,196,binary:logistic,0.5893494211309444,gpu_hist,COMPLETE
265,0.8569620963826594,2.334936197100561,0.30045114945071055,logloss,0.002881674718559311,0.0385056256928301,7,207,binary:logistic,0.6139472671403278,gpu_hist,COMPLETE
266,0.8540432381333308,0.008661535650847143,0.3011159198582849,logloss,0.0027467786804988856,0.013833916774804826,7,204,binary:logistic,0.6300557369664154,gpu_hist,COMPLETE
267,0.8569270686320675,2.4480125374676582,0.3187364282478801,logloss,0.0023525259663725556,0.03920318581469371,7,206,binary:logistic,0.6198633558841139,gpu_hist,COMPLETE
268,0.8545480063418613,0.5390947798090435,0.3371361810295437,logloss,0.003131717058815303,0.05121714147626877,15,211,binary:logistic,0.6105247381892558,gpu_hist,COMPLETE
269,0.8567691045293979,0.0013058451152158786,0.32253049115469773,logloss,0.004359686374749775,0.0436902764294731,7,200,binary:logistic,0.5369582900337253,gpu_hist,COMPLETE
270,0.856827457130384,0.1830739932604959,0.30170784120269645,logloss,0.0012002972802139078,0.032865645330130186,9,214,binary:logistic,0.5639236028564097,gpu_hist,COMPLETE
271,0.8568311610804465,1.9409462153101666,0.3517908411222262,logloss,0.005592305690841964,0.03877547508135683,7,189,binary:logistic,0.5476813650611188,gpu_hist,COMPLETE
272,0.8569470133824045,1.0763608108020213,0.3286088341700274,logloss,0.0028070792795925593,0.03559852069673512,7,249,binary:logistic,0.557042725593522,gpu_hist,COMPLETE
273,0.8569284776320912,1.002093556157169,0.3636516597622941,logloss,0.0034021206809722016,0.03534407732642227,7,248,binary:logistic,0.5347777335303345,gpu_hist,COMPLETE
274,0.8569945149332072,1.5295803780125634,0.3450458030600666,logloss,0.002686957764009481,0.03244343148245576,7,240,binary:logistic,0.5538639321234659,gpu_hist,COMPLETE
275,0.8568545965808427,1.354456552301802,0.3453765428828818,logloss,0.002732700616559841,0.03181257558139861,7,248,binary:logistic,0.6376809355989415,gpu_hist,COMPLETE
276,0.8559054457148021,1.8939180323349816,0.3714927475608772,logloss,0.004089707166581291,0.029270098565628573,5,252,binary:logistic,0.5507525398031163,gpu_hist,COMPLETE
277,0.8568212558802792,2.188498669818074,0.3258991758988559,logloss,0.0027649600867752236,0.03240016795125848,7,243,binary:logistic,0.8083149077884182,gpu_hist,COMPLETE
278,0.8569391039322709,1.4803391853123269,0.31664454839947764,logloss,0.0021772082483682243,0.038349375129096606,7,259,binary:logistic,0.528137837344466,gpu_hist,COMPLETE
279,0.8562788088211118,1.1563431881426367,0.34358651868263784,logloss,0.001130224789744166,0.03415098956944977,17,240,binary:logistic,0.5436694842483037,gpu_hist,COMPLETE
280,0.8566628731776026,1.6831325983883596,0.3265452272184804,logloss,0.004798937223294833,0.02600734525189815,7,234,binary:logistic,0.550231959523614,gpu_hist,COMPLETE
281,0.8569072753317329,2.5804055993832518,0.35085356260756007,logloss,0.0036813524073602204,0.04530994900553177,7,243,binary:logistic,0.5601794702887174,gpu_hist,COMPLETE
282,0.855412845606477,2.973807936758849,0.3304542649881217,logloss,0.0012446771663517677,0.039873204044756964,20,196,binary:logistic,0.5324752505571109,gpu_hist,COMPLETE
283,0.8566786167778686,0.29889028140939966,0.3149478332002213,logloss,0.002873241387735238,0.028664986492030975,7,231,binary:logistic,0.5605491704538708,gpu_hist,COMPLETE
284,0.8564027665232068,2.2441533314811775,0.3777924032596833,logloss,7.0439357301698005,0.05689151334909073,7,205,binary:logistic,0.5443206984883203,gpu_hist,COMPLETE
285,0.8569066920817231,0.003516819489502065,0.36072210692633,logloss,0.0024252186509943906,0.035461857599402284,7,239,binary:logistic,0.5182041353390698,gpu_hist,COMPLETE
286,0.8568237649303216,2.703462810851259,0.3394791422246358,logloss,0.0015336686789301154,0.03139235446829636,7,229,binary:logistic,0.5662095277308259,gpu_hist,COMPLETE
287,0.8568526292308094,3.562805808889868,0.3165445777579726,logloss,0.0036075368342266996,0.041896417379187735,7,216,binary:logistic,0.6031598546638309,gpu_hist,COMPLETE
288,0.8545296628415513,0.017836935849999777,0.825165573180723,logloss,0.0019276834082849385,0.03826485552636697,3,208,binary:logistic,0.5562143586759737,gpu_hist,COMPLETE
289,0.8569239982820156,0.9228612037179965,0.32791196667657146,logloss,0.002882974852375761,0.034736563064979825,7,236,binary:logistic,0.6205606959566558,gpu_hist,COMPLETE
290,0.8392158431827478,3.100771044959019,0.8782098944097352,logloss,0.0010448408880165694,0.0012317625273488872,11,246,binary:logistic,0.5377598256116889,gpu_hist,COMPLETE
291,0.8565713761760563,0.014539436218696343,0.34238429918905594,logloss,0.007517789883075577,0.04766454798727696,7,201,binary:logistic,0.5731788170159722,gpu_hist,COMPLETE
292,0.8569826693330069,1.6120678806935604,0.3125004797512733,logloss,0.0014165117612315813,0.03744517453819365,7,227,binary:logistic,0.5560079791986081,gpu_hist,COMPLETE
293,0.8568337715804908,1.5428169434705654,0.313237611172046,logloss,0.09505666666116902,0.04332760977976811,7,228,binary:logistic,0.5834851807097671,gpu_hist,COMPLETE
294,0.8570279728337729,1.1113423544486174,0.3017579059856078,logloss,0.0022387203076198853,0.03789750625612562,7,234,binary:logistic,0.556014886289968,gpu_hist,COMPLETE
295,0.8566967732281755,2.01920304459392,0.6229267412246735,logloss,0.0021234704305887167,0.03961687883450662,7,237,binary:logistic,0.5548216809669566,gpu_hist,COMPLETE
296,0.8568454036806872,1.0855667767249975,0.30236348002990676,logloss,0.0016427036493319406,0.044069034441134594,7,232,binary:logistic,0.555869013376458,gpu_hist,COMPLETE
297,0.8562848374212138,1.371628304355256,0.31252828803756505,logloss,0.002308474274453642,0.03865472173494059,13,246,binary:logistic,0.5667689589825423,gpu_hist,COMPLETE
298,0.8568501481307675,1.7591055515584337,0.30026597852902914,logloss,0.0017851176232571392,0.048533286748445995,7,256,binary:logistic,0.5463679040398156,gpu_hist,COMPLETE
299,0.8569415524823123,0.7585385205876992,0.33026487202767574,logloss,0.0013825260631314437,0.04157012594837842,7,238,binary:logistic,0.5654032055822942,gpu_hist,COMPLETE
300,0.8539584294318975,0.8811687566764084,0.3000860875908289,logloss,0.0014319940166097913,0.06078232149317145,15,241,binary:logistic,0.5447975230634663,gpu_hist,COMPLETE
301,0.8569066780817229,0.582763486171647,0.3272025466526798,logloss,0.053511399080748576,0.04099357253973501,7,250,binary:logistic,0.5248207665751069,gpu_hist,COMPLETE
302,0.856527169475309,1.2361210312436408,0.31944406281860127,logloss,0.0010094254170872593,0.048836535206842314,7,237,binary:logistic,0.5582757090275164,gpu_hist,COMPLETE
303,0.8562964815714105,1.278189784152605,0.3572002949815035,logloss,0.0013787254366336402,0.044628211723420755,9,232,binary:logistic,0.5676866520992707,gpu_hist,COMPLETE
304,0.8568551169308515,1.6921931217198056,0.33669038975783544,logloss,0.0025374113140056373,0.03626323783890248,7,227,binary:logistic,0.5888016091533249,gpu_hist,COMPLETE
305,0.8564510747240233,1.4510232423795901,0.3132752878386687,logloss,0.004393528011457461,0.05226261146115637,7,239,binary:logistic,0.5494938949651176,gpu_hist,COMPLETE
306,0.8513862161884271,1.2512761307623037,0.32578115740844465,logloss,0.0012170291045885688,0.008594849488458024,7,224,binary:logistic,0.5326658913106841,gpu_hist,COMPLETE
307,0.8568837158813347,0.8370980865413052,0.35038146716948704,logloss,0.0028017590041711665,0.03211130992293982,7,232,binary:logistic,0.5987117390486887,gpu_hist,COMPLETE
308,0.8569448156323674,1.0193789708573298,0.3866310449443356,logloss,0.005192401644372633,0.04133427662715999,7,223,binary:logistic,0.5601533404783375,gpu_hist,COMPLETE
309,0.8570008437333142,0.21966612499986168,0.3935239098204023,logloss,0.009480246144311203,0.03673367305935535,7,221,binary:logistic,0.5453648007989156,gpu_hist,COMPLETE
310,0.8568519967307988,0.2539495952132641,0.39701318814505915,logloss,0.010404736756745652,0.03318678380662915,7,266,binary:logistic,0.5405404351242847,gpu_hist,COMPLETE
311,0.8562207797201311,0.31423612321063177,0.4343060955263835,logloss,0.008067445059555207,0.02966870464222447,17,220,binary:logistic,0.5101946768323735,gpu_hist,COMPLETE
312,0.857005269933389,0.203826151013506,0.3728926771211083,logloss,0.006343134960206454,0.03643989707537049,7,219,binary:logistic,0.5271025298111615,gpu_hist,COMPLETE
313,0.8565750294761181,0.1630905705816153,0.41566774236634846,logloss,0.0072802598690273205,0.037161505102644814,5,219,binary:logistic,0.5058924854695408,gpu_hist,COMPLETE
314,0.856908628381756,0.22713815497698642,0.3815481076694718,logloss,0.006091059413303024,0.03761178075992162,7,225,binary:logistic,0.5269838251163557,gpu_hist,COMPLETE
315,0.8495521778574319,0.13460935830784262,0.4034523756337243,logloss,0.0048392989277547815,0.0031301526804978076,20,216,binary:logistic,0.5192764112958191,gpu_hist,COMPLETE
316,0.8568143046301617,0.35368182748221433,0.37663824528725237,logloss,0.005897610977470497,0.03214134275980463,7,227,binary:logistic,0.5377662124566861,gpu_hist,COMPLETE
317,0.8566781612778609,0.18793623427012898,0.3995415358134395,logloss,0.006572221405754037,0.045480812692496236,7,220,binary:logistic,0.7205941977078829,gpu_hist,COMPLETE
318,0.8567634827793027,0.4333485053945185,0.3677070625662275,logloss,0.004215090833079935,0.03751016899992654,7,213,binary:logistic,0.5436439289766866,gpu_hist,COMPLETE
319,0.8565922385264089,0.0016185065370320827,0.36217737924109544,logloss,0.010375222221938447,0.028015396996541642,7,108,binary:logistic,0.6142269209007989,gpu_hist,COMPLETE
320,0.8567950839298369,0.24410306634688336,0.37267350670389093,logloss,0.00854176670638694,0.034334106661947285,7,195,binary:logistic,0.5805849442964935,gpu_hist,COMPLETE
321,0.854847690546926,2.2984950498327854,0.3479357003373289,logloss,0.005443178527525993,0.041197771216033484,3,229,binary:logistic,0.5264638111361511,gpu_hist,COMPLETE
322,0.8566757708778205,0.19749659807915831,0.3875503059969193,logloss,0.00393059712507456,0.0304775055368189,7,209,binary:logistic,0.9256954040642776,gpu_hist,COMPLETE
323,0.8568802325812759,8.651962294827266,0.3137037474614382,logloss,0.0036419326650890117,0.04470609413310474,7,222,binary:logistic,0.5490140590100726,gpu_hist,COMPLETE
324,0.848155741333832,4.502214006697603,0.3578654057065496,logloss,0.0049892811234931,0.0048968508924502,7,187,binary:logistic,0.6528824672112047,gpu_hist,COMPLETE
325,0.8549609912988407,0.21618034066740835,0.3012080988664405,logloss,0.008877667660070108,0.038355882521479416,11,61,binary:logistic,0.49215664121816827,gpu_hist,COMPLETE
326,0.8568732936311587,0.14001081015367964,0.3434570731228719,logloss,0.0128337277835489,0.03367498176027765,7,205,binary:logistic,0.5779602975338853,gpu_hist,COMPLETE
327,0.856854909530848,0.15448424290309457,0.3133016745938163,logloss,3.168006715798492,0.040913082664218704,7,217,binary:logistic,0.5344173075167362,gpu_hist,COMPLETE
328,0.8563927425230372,8.3098319007071,0.3241641290140875,logloss,0.0034115136043519983,0.03602693294067574,13,229,binary:logistic,0.5494352122001961,gpu_hist,COMPLETE
329,0.8564414512738605,0.00628156043883593,0.731383586480885,logloss,0.0043155580629447516,0.046337441014577714,7,213,binary:logistic,0.5676303632362697,gpu_hist,COMPLETE
330,0.8569040300816781,2.368025937810183,0.33987991212800445,logloss,0.0031704503632205318,0.03181409117687863,7,233,binary:logistic,0.5548306573391693,gpu_hist,COMPLETE
331,0.8496482676090558,0.2885575228352764,0.3006094844079114,logloss,0.0063686195999127235,0.005763994858094618,7,224,binary:logistic,0.5936237149860522,gpu_hist,COMPLETE
332,0.8564339300737334,0.010773035891966185,0.3147127772157515,logloss,0.0020935105516650303,0.05271193954054032,7,201,binary:logistic,0.5176619483072916,gpu_hist,COMPLETE
333,0.8569362257822222,0.17207503526395643,0.3689185075047588,logloss,0.003960909200125259,0.039192105478388285,7,221,binary:logistic,0.5729755885318105,gpu_hist,COMPLETE
334,0.8494249878552823,3.5554934226838966,0.352520929099681,logloss,0.0024852155639685587,0.0022357025514865465,15,209,binary:logistic,0.5379178389938365,gpu_hist,COMPLETE
335,0.8568950611315265,5.279275285472936,0.3322522612454378,logloss,0.0016507523969869894,0.03585041325709625,7,217,binary:logistic,0.6272446528061745,gpu_hist,COMPLETE
336,0.8569729964828436,7.442821183192689,0.3922801605225965,logloss,0.005212651848814806,0.04187351382149263,7,228,binary:logistic,0.5571000686281233,gpu_hist,COMPLETE
337,0.856353605922376,9.911114504482208,0.411551520973221,logloss,0.00516081103166213,0.04348548607914489,9,231,binary:logistic,0.5553915405271838,gpu_hist,COMPLETE
338,0.8569573450825791,7.367366953045527,0.3965110770843632,logloss,0.0052701773857870325,0.04145349880189233,7,236,binary:logistic,0.544412840111233,gpu_hist,COMPLETE
339,0.8566041564766103,7.470542775236164,0.39448370496600077,logloss,0.006790955736438396,0.049355017687143884,7,236,binary:logistic,0.5421021914005205,gpu_hist,COMPLETE
340,0.8569374744322433,8.43539055974293,0.41650979186375114,logloss,0.005301636582320041,0.043532208628936975,7,244,binary:logistic,0.5290668689413797,gpu_hist,COMPLETE
341,0.8567627909792912,7.372471293523293,0.430059371166386,logloss,0.005869974636729447,0.04777949949967257,7,234,binary:logistic,0.5474037362809715,gpu_hist,COMPLETE
342,0.8567140336284672,7.455952287198846,0.3918429624497864,logloss,0.0068371950321645,0.04147949591885015,5,240,binary:logistic,0.5030891134221416,gpu_hist,COMPLETE
343,0.8569666064827356,5.939198030929087,0.37821027321688144,logloss,0.004468064054937544,0.038887353799219725,7,225,binary:logistic,0.5656100417324252,gpu_hist,COMPLETE
344,0.8563103065216442,6.054920176634665,0.4076088933383577,logloss,0.0048709235165593345,0.057769783108978054,7,227,binary:logistic,0.5705905900816883,gpu_hist,COMPLETE
345,0.8558163773132967,9.128337196882716,0.3826331108418047,logloss,0.007325596271145844,0.043548669057552926,17,225,binary:logistic,0.5253033155782794,gpu_hist,COMPLETE
346,0.8569359490822175,6.811669547700046,0.3886247079898952,logloss,0.07354701705302824,0.039424518864982536,7,234,binary:logistic,0.5674672512518893,gpu_hist,COMPLETE
347,0.8565260716252905,5.620915625983371,0.39864420958429647,logloss,0.009316457157593822,0.051922689268126855,7,241,binary:logistic,0.5798446277588778,gpu_hist,COMPLETE
348,0.8561091221182442,6.481342071811971,0.3770169160320051,logloss,0.004511484791772754,0.03516723640601203,20,227,binary:logistic,0.540135946750256,gpu_hist,COMPLETE
349,0.856774729979493,8.711077610905404,0.42518083096546655,logloss,0.0036276945555627597,0.04707822780482477,7,195,binary:logistic,0.5569975729370419,gpu_hist,COMPLETE
350,0.856787988429717,7.635206832359371,0.37699747342844836,logloss,0.006087997874860884,0.041233321150004415,7,233,binary:logistic,0.5837833531526967,gpu_hist,COMPLETE
351,0.8567250886786539,5.318909227031746,0.4045692705921697,logloss,0.00542617719865685,0.0366730702837659,7,40,binary:logistic,0.5480711919946876,gpu_hist,COMPLETE
352,0.8568218429302892,4.476709878988204,0.3680028400090018,logloss,0.0043705354658436,0.03276521410403682,7,221,binary:logistic,0.5317871521178101,gpu_hist,COMPLETE
353,0.8569488566324356,6.019085396309383,0.3880180789993328,logloss,0.0033721426032435314,0.0385575186866325,7,244,binary:logistic,0.5654802128567742,gpu_hist,COMPLETE
354,0.8569513679824781,7.117062702941708,0.3556377000636181,logloss,0.002072241290503992,0.045077069464287516,7,206,binary:logistic,0.7076192965949571,gpu_hist,COMPLETE
355,0.8567473843790309,9.601178636479009,0.3669903727448108,logloss,0.0030946120149929605,0.02936604957757913,7,271,binary:logistic,0.5544045936024797,gpu_hist,COMPLETE
356,0.8566492805273728,0.20382985867525988,0.41023838030045323,logloss,0.003974416142948783,0.026214405979585038,7,226,binary:logistic,0.5748626145777053,gpu_hist,COMPLETE
357,0.8539377163315474,4.886285288262248,0.38289911631343204,logloss,0.0076964783431345005,0.03413265674063699,3,211,binary:logistic,0.514935967315305,gpu_hist,COMPLETE
358,0.8558914338145652,1.9132167766157469,0.3618330040520772,logloss,0.004908626166780046,0.0415812448772167,11,180,binary:logistic,0.5381683499420566,gpu_hist,COMPLETE
359,0.8569927075831768,0.12563376638919668,0.3460623325982442,logloss,0.002495549851494196,0.03821158840069091,7,255,binary:logistic,0.5907276604106145,gpu_hist,COMPLETE
360,0.8568499827807647,0.15278204008875293,0.3451612637206947,logloss,0.0020461249122242535,0.03108291439723079,7,256,binary:logistic,0.6034334172155013,gpu_hist,COMPLETE
361,0.856966092582727,3.975025600854374,0.3512767405496364,logloss,0.0023892094128675516,0.036669644096124374,7,261,binary:logistic,0.5959476107768614,gpu_hist,COMPLETE
362,0.8568976650315706,0.11204508815472515,0.35694646339568936,logloss,0.00250562785364672,0.03624217021289099,7,261,binary:logistic,0.5939289262234694,gpu_hist,COMPLETE
363,0.8568739293311695,0.1819121580382774,0.36707763695047485,logloss,0.0017175369001075347,0.03318139037276262,7,270,binary:logistic,0.5905431175975341,gpu_hist,COMPLETE
364,0.8569276763820777,0.11048411832109346,0.3499633800086326,logloss,0.0024087528094427963,0.0363121844393925,7,282,binary:logistic,0.602283624070288,gpu_hist,COMPLETE
365,0.8568516820807934,0.03429747547770673,0.33814384099048633,logloss,0.45188630495553034,0.029953546073020178,7,256,binary:logistic,0.5854968775244654,gpu_hist,COMPLETE
366,0.8569777378329237,0.1410166083641569,0.3467449849638161,logloss,0.0018861370620429367,0.03729476586241458,7,253,binary:logistic,0.6102137492225197,gpu_hist,COMPLETE
367,0.8565371583254779,0.13543900945485815,0.37223792713181136,logloss,0.0017390888030432861,0.0350385362701474,13,266,binary:logistic,0.5862301529220129,gpu_hist,COMPLETE
368,0.8567911465797704,0.1278905462844028,0.3577385511488599,logloss,0.0014338112252297356,0.02411238421224409,9,255,binary:logistic,0.5993959477360059,gpu_hist,COMPLETE
369,0.8569246518820266,0.15492052521028452,0.345169281580284,logloss,0.1338997269527021,0.03230602993309441,7,259,binary:logistic,0.5759760227865756,gpu_hist,COMPLETE
370,0.8561640334191721,0.11970294716497086,0.3804304324371142,logloss,0.0020114915255105403,0.037600178178028985,15,263,binary:logistic,0.5655257992583611,gpu_hist,COMPLETE
371,0.8556117449098385,0.09489114470510718,0.3458004397425324,logloss,0.0022136824975559533,0.018943158522978606,7,246,binary:logistic,0.585489161217673,gpu_hist,COMPLETE
372,0.8480490044320281,0.2576018833265368,0.325872243657793,logloss,0.0017636064878439174,0.004227878546366877,7,251,binary:logistic,0.5728189043217172,gpu_hist,COMPLETE
373,0.8569525411324979,0.189490069497064,0.36430606914806074,logloss,0.001379929734460022,0.032924582472626245,7,252,binary:logistic,0.6137277274951798,gpu_hist,COMPLETE
374,0.8555152232082073,0.23695690041399536,0.9252708646294086,logloss,0.002569607633456072,0.02756854469607314,5,265,binary:logistic,0.5939051402114678,gpu_hist,COMPLETE
375,0.8569026492316547,3.692550072386163,0.3190632164006824,logloss,0.0019943918839264146,0.03686975548837989,7,253,binary:logistic,0.5629570641511192,gpu_hist,COMPLETE
376,0.8553833283059782,0.1517865841784114,0.3000109445276217,logloss,0.0016143297827127551,0.07907029990678816,7,262,binary:logistic,0.5790045087569978,gpu_hist,COMPLETE
377,0.8567715133794386,0.21354404375071714,0.3533079764984661,logloss,0.0027428864944699,0.045197704998280366,7,242,binary:logistic,0.5622304204723911,gpu_hist,COMPLETE
378,0.8569968446832468,3.93591856060084,0.33459718532373567,logloss,0.001156541231431717,0.038902326480380146,7,270,binary:logistic,0.5747950600960576,gpu_hist,COMPLETE
379,0.8560111430665883,3.962307072914705,0.33940524635021074,logloss,0.0011397531259123858,0.039257756471763626,17,275,binary:logistic,0.5978513824798579,gpu_hist,COMPLETE
380,0.8568259262803581,3.144481300965935,0.3756013283320304,logloss,0.0011933470087576717,0.04912093118246162,7,279,binary:logistic,0.5809716473160915,gpu_hist,COMPLETE
381,0.8556503394104907,2.600127570343532,0.3583953248173377,logloss,0.0013146248662975265,0.042748831778640244,20,265,binary:logistic,0.5701555189252878,gpu_hist,COMPLETE
382,0.8568387810805755,4.12158439647654,0.33637440984028655,logloss,0.001535161432498229,0.03430594200113818,7,268,binary:logistic,0.7369690758149009,gpu_hist,COMPLETE
383,0.8568500503807659,3.2781995889971327,0.32027978556423997,logloss,0.0010095265244341007,0.03839298160552463,7,259,binary:logistic,0.6079860941477201,gpu_hist,COMPLETE
