number,value,params_alpha,params_colsample_bytree,params_eval_metric,params_lambda,params_learning_rate,params_max_depth,params_min_child_weight,params_objective,params_subsample,params_tree_method,state
128,0.8552199599032173,6.151840651672319,0.3595873167705251,logloss,0.0011168662798878347,0.017442164531048927,7,207,binary:logistic,0.5689792202496404,gpu_hist,COMPLETE
129,0.8569365394822275,6.596043693566024,0.3118900865276321,logloss,0.003630019804482416,0.035054804745823155,7,222,binary:logistic,0.5881491458721292,gpu_hist,COMPLETE
130,0.8567942329298226,6.469484789439086,0.3083515296863619,logloss,0.003489198891495569,0.02660579345048344,13,222,binary:logistic,0.586063402803941,gpu_hist,COMPLETE
131,0.8569334408321752,4.766333193488409,0.35098005950999367,logloss,0.002222958016701897,0.03580577610963349,7,235,binary:logistic,0.5633551875489715,gpu_hist,COMPLETE
132,0.8569530094825059,4.969489599982664,0.3315410658541258,logloss,0.0010007811826762446,0.034530538978185324,7,215,binary:logistic,0.6123404089166842,gpu_hist,COMPLETE
133,0.8567376228288659,4.961760402506901,0.3465669587885887,logloss,0.0020255219559132103,0.04833235938199108,7,196,binary:logistic,0.6134569112293428,gpu_hist,COMPLETE
134,0.8568221983802953,8.983070899628503,0.32700026336019,logloss,0.0010658595282164985,0.03537531497635158,7,233,binary:logistic,0.5927787694520232,gpu_hist,COMPLETE
135,0.8567805793795917,0.19140250393778374,0.3564793584519473,logloss,0.00142667927902204,0.044699330389778885,7,214,binary:logistic,0.5741872662502655,gpu_hist,COMPLETE
136,0.8478035128278794,5.5697248952357965,0.3008052619166832,logloss,0.005430760259771128,0.003407022519989718,7,217,binary:logistic,0.5305092195107439,gpu_hist,COMPLETE
137,0.856756927879192,4.439768762408145,0.366102874628783,logloss,0.004284656897132586,0.023329003296392457,15,225,binary:logistic,0.5499506667468524,gpu_hist,COMPLETE
138,0.8568479174307297,6.80301623310232,0.3413815935205245,logloss,0.0030852785966454426,0.030096531378739487,7,239,binary:logistic,0.5850031702274942,gpu_hist,COMPLETE
139,0.8568775689812309,0.111516274854758,0.31756827546839905,logloss,0.002243023367137388,0.039669862524855645,7,227,binary:logistic,0.6092618565141337,gpu_hist,COMPLETE
140,0.8557597134623393,7.015852660724027,0.33318387779725217,logloss,0.0016906528243286652,0.05230463968712081,9,206,binary:logistic,0.5212288553962416,gpu_hist,COMPLETE
141,0.8568113374801116,3.104501864753411,0.3983691798880466,logloss,0.001247800986015511,0.033147022350269575,7,123,binary:logistic,0.5676630066858508,gpu_hist,COMPLETE
142,0.8569007360816224,4.935039683620913,0.3806489003703559,logloss,0.001000754753022939,0.03612053636477759,7,230,binary:logistic,0.6021339973615183,gpu_hist,COMPLETE
143,0.8568082606800596,0.05341381309382242,0.37839144370829825,logloss,0.0010750729763030758,0.03736559146669257,7,232,binary:logistic,0.5991936219717598,gpu_hist,COMPLETE
144,0.856764021379312,5.5202117239530155,0.35775065071566164,logloss,0.0014905618915713643,0.040641771800770415,7,220,binary:logistic,0.5782841509156725,gpu_hist,COMPLETE
145,0.8568113413301116,8.149549234957087,0.3136485481476921,logloss,0.002039804190519285,0.044698909772624584,7,185,binary:logistic,0.5456231249859039,gpu_hist,COMPLETE
146,0.8568980192315767,9.812072588245584,0.3436532904380322,logloss,0.0010153162940149457,0.03058810081619926,7,211,binary:logistic,0.5605445871992949,gpu_hist,COMPLETE
147,0.8564801492745144,9.975906087602226,0.4158662349621823,logloss,0.001161453133080762,0.025180253884043657,7,163,binary:logistic,0.5646888777463845,gpu_hist,COMPLETE
148,0.8568061376300237,4.583601219397927,0.350521127773008,logloss,0.0010189412242170598,0.030128117636951238,7,213,binary:logistic,0.5885204985215093,gpu_hist,COMPLETE
149,0.8568845101313483,6.357413903262939,0.38449790740655293,logloss,0.001401762906167279,0.034584455973164216,7,196,binary:logistic,0.6188458003328761,gpu_hist,COMPLETE
150,0.8568313970804506,8.604256097668559,0.36935587266025516,logloss,0.2798147925851249,0.031824290310156156,7,202,binary:logistic,0.6015004768331075,gpu_hist,COMPLETE
151,0.8569644440326991,7.196924255373592,0.3396155066941137,logloss,0.0017487577915535056,0.03690102859605061,7,221,binary:logistic,0.5585804613299987,gpu_hist,COMPLETE
152,0.8569859776830631,7.177147752605433,0.33688170168665305,logloss,0.0010007381008006247,0.037777919448668006,7,237,binary:logistic,0.5712382226454144,gpu_hist,COMPLETE
153,0.8569339617821841,5.164014147327315,0.3375582472010184,logloss,0.0017150231265874217,0.03629945698992647,7,221,binary:logistic,0.5758511710236274,gpu_hist,COMPLETE
154,0.8568931848814948,4.89967763970584,0.32944635243848225,logloss,0.0017666246227919836,0.036752327334844764,7,222,binary:logistic,0.5770879747991954,gpu_hist,COMPLETE
155,0.8566118208267397,3.925510294220244,0.3989783884524076,logloss,0.0013287469191242487,0.02711932790296754,17,240,binary:logistic,0.5781518330890869,gpu_hist,COMPLETE
156,0.8568735089811622,0.0011003015330505795,0.36446536511164485,logloss,0.00252358033749113,0.03554041767323947,7,244,binary:logistic,0.5944000048205157,gpu_hist,COMPLETE
157,0.8556013332096626,5.0873539519582485,0.34269975872981545,logloss,0.0017998610572782013,0.043358175053002816,20,229,binary:logistic,0.6120733102701417,gpu_hist,COMPLETE
158,0.8569810372829796,7.451534869637434,0.30991836756213476,logloss,0.0012763690165701984,0.03808095162162138,7,217,binary:logistic,0.5576604849903747,gpu_hist,COMPLETE
159,0.8569555456325488,0.07487546174929004,0.3108205497376009,logloss,0.0028987731150579596,0.0388762518034529,7,218,binary:logistic,0.5576219498825342,gpu_hist,COMPLETE
160,0.8569315791321437,0.07762592902201088,0.310152434986243,logloss,0.0027985059723535113,0.03330461050114278,7,218,binary:logistic,0.5502931630787329,gpu_hist,COMPLETE
161,0.856892128481477,0.06556152417043784,0.300434008033524,logloss,0.003154724572771059,0.033048225315056225,7,218,binary:logistic,0.5530405522348123,gpu_hist,COMPLETE
162,0.8567019145282624,0.07914006576712272,0.31214779681709276,logloss,0.0026799706124514236,0.028824709982770258,7,213,binary:logistic,0.5594168019506373,gpu_hist,COMPLETE
163,0.856867270681057,0.054136593616380256,0.3248948128368054,logloss,0.0016448357202302527,0.03923858665333489,7,221,binary:logistic,0.5392813114218065,gpu_hist,COMPLETE
164,0.8565773102761565,0.09279767113894917,0.33362894303349283,logloss,0.0023269506966039654,0.04805037073062782,7,203,binary:logistic,0.5473012198058586,gpu_hist,COMPLETE
165,0.8536382576764865,0.1423544312061212,0.3100107929287413,logloss,0.0012723913594848751,0.03335335098386203,3,235,binary:logistic,0.5710561251169365,gpu_hist,COMPLETE
166,0.8569336275321784,7.482684943936294,0.32081973893120735,logloss,0.001902182436940209,0.04311902675843063,7,208,binary:logistic,0.5598414802956764,gpu_hist,COMPLETE
167,0.8568396271805897,7.389266342232804,0.3183890674335335,logloss,0.00212736203532175,0.04288826715987268,7,209,binary:logistic,0.5850573492727739,gpu_hist,COMPLETE
168,0.856631305877069,5.995940722899149,0.33414076974353935,logloss,0.0035342036111493435,0.0377944198930067,11,224,binary:logistic,0.8917299670922165,gpu_hist,COMPLETE
169,0.8567871900797035,8.159232572296917,0.349847810341407,logloss,0.002845783367312335,0.045494672671379945,7,178,binary:logistic,0.5589232506957221,gpu_hist,COMPLETE
170,0.8569023788816502,6.951484059591726,0.3028161027835192,logloss,0.001812471879785451,0.041910799898072316,7,193,binary:logistic,0.5114462985784992,gpu_hist,COMPLETE
171,0.8568802797812767,0.07938234788640292,0.3244926637717663,logloss,0.0015336138535723643,0.03567232655130878,7,215,binary:logistic,0.5641702826792323,gpu_hist,COMPLETE
172,0.8568579153808987,5.896430011489397,0.34590468950556946,logloss,0.0012770323452490403,0.03359730678840743,7,224,binary:logistic,0.5459726064178894,gpu_hist,COMPLETE
173,0.8568014658799448,0.06815740159685446,0.3221903317881501,logloss,0.0019469806463908396,0.030303061918245684,7,218,binary:logistic,0.5717405698234909,gpu_hist,COMPLETE
174,0.8499048606133922,0.043153067772125416,0.36088026455640354,logloss,0.6140457945309059,0.0068522539227321945,7,209,binary:logistic,0.5864630757351557,gpu_hist,COMPLETE
175,0.8563450746722318,7.327272193283053,0.30083864943898786,logloss,0.003763024677978224,0.03882190967676359,13,236,binary:logistic,0.5314009961079417,gpu_hist,COMPLETE
176,0.8567893271797395,3.9600718276997093,0.33531484869431616,logloss,0.002287070651829681,0.028110059905230016,7,246,binary:logistic,0.5530459697833494,gpu_hist,COMPLETE
177,0.8565943073264438,0.10204617215207212,0.31375506463008324,logloss,0.0015599919669023084,0.0484118239751909,7,155,binary:logistic,0.567969710782342,gpu_hist,COMPLETE
178,0.8560773388177071,8.556300214259396,0.35562444084391936,logloss,0.0028324173068361566,0.04146483700356789,15,201,binary:logistic,0.5893081784631979,gpu_hist,COMPLETE
179,0.8568089488800712,5.895197718965062,0.3276188289688289,logloss,0.0013179175293569086,0.03171480703916651,7,228,binary:logistic,0.5782453946102635,gpu_hist,COMPLETE
180,0.8568405103806047,9.973440484916862,0.370587056002133,logloss,0.0018463449110130525,0.03615751653035044,7,219,binary:logistic,0.5396649817188113,gpu_hist,COMPLETE
181,0.8569261681320521,6.9743585090582085,0.3018027185944825,logloss,0.0018903620297917767,0.03995644756681227,7,191,binary:logistic,0.519575065324773,gpu_hist,COMPLETE
182,0.8569243094320208,7.149917974822382,0.31484449999980724,logloss,0.002338030986665611,0.03896387850663984,7,205,binary:logistic,0.5553450361973943,gpu_hist,COMPLETE
183,0.8569748000828741,6.963745889620056,0.31490393642424147,logloss,0.0025521728988938223,0.03936009280306,7,204,binary:logistic,0.5557341037945175,gpu_hist,COMPLETE
184,0.8568503659807711,7.282467671028868,0.3003572164237132,logloss,0.0024195339939465147,0.04344131915959933,7,198,binary:logistic,0.5291105145179077,gpu_hist,COMPLETE
185,0.8568351998805148,5.559980679057456,0.33869194293986943,logloss,0.0020083642752197406,0.03832104379817464,7,184,binary:logistic,0.5592247016997359,gpu_hist,COMPLETE
186,0.8480123185814082,7.906097911260726,0.31588033989305986,logloss,0.0015510519426947325,0.0018324981344785077,9,206,binary:logistic,0.5494447691582445,gpu_hist,COMPLETE
187,0.8564732181243975,4.6370540659712045,0.3138807750847302,logloss,0.0034586204014378104,0.051665104291116794,7,212,binary:logistic,0.5039028082313938,gpu_hist,COMPLETE
188,0.8566580541775212,6.611764859460485,0.3419672350910254,logloss,0.002630137257855877,0.04576947306337029,7,189,binary:logistic,0.5185462299961385,gpu_hist,COMPLETE
189,0.8569655368327176,5.413925785633882,0.32458666500473543,logloss,0.004176824867796856,0.034703481803739306,7,203,binary:logistic,0.5577137935799625,gpu_hist,COMPLETE
190,0.8570210839336563,2.595732875348053,0.33105714921827745,logloss,0.0012107355880534249,0.033005843293567115,7,211,binary:logistic,0.5391478136779586,gpu_hist,COMPLETE
191,0.8569391095822709,2.8147757035977885,0.3277888893825243,logloss,0.0012409281455787722,0.03421364524906158,7,217,binary:logistic,0.535870284433619,gpu_hist,COMPLETE
192,0.8568911032314597,3.4445059353794076,0.3306602681177995,logloss,0.0011908330404694085,0.03548851134691027,7,213,binary:logistic,0.5375280047315886,gpu_hist,COMPLETE
193,0.856790294029756,3.018380489611871,0.3269014491063156,logloss,0.0012284860118556337,0.030222194405137747,7,225,binary:logistic,0.5171066648679778,gpu_hist,COMPLETE
194,0.8567773844795379,2.628069961956757,0.3459050905592762,logloss,0.004514693370978446,0.04073581116030036,7,218,binary:logistic,0.542859136337916,gpu_hist,COMPLETE
195,0.856878986731255,4.251939668284281,0.3006341723807222,logloss,0.0017343400500393446,0.032412722292680524,7,202,binary:logistic,0.5299505245969857,gpu_hist,COMPLETE
196,0.8568929755814914,2.5336038621757946,0.32703606786598743,logloss,0.0010242013524072438,0.037122103186129726,7,210,binary:logistic,0.4882697075508643,gpu_hist,COMPLETE
197,0.8561154876683517,4.964373486307101,0.31605047872685915,logloss,0.0014429612615209496,0.03485916658559566,17,230,binary:logistic,0.566575681514535,gpu_hist,COMPLETE
198,0.8568539214308312,3.7965802420183064,0.3388781429937503,logloss,0.003961357553631729,0.041849871400978324,7,220,binary:logistic,0.5495268567470113,gpu_hist,COMPLETE
199,0.8565940315264391,8.635513192828515,0.3528199603172093,logloss,0.0032702395647309537,0.026846645201453537,20,216,binary:logistic,0.5277592257899094,gpu_hist,COMPLETE
200,0.8567605688792537,5.833953531258605,0.31448314621299966,logloss,0.0021786512688292416,0.03226073384646626,7,193,binary:logistic,0.5592999235330436,gpu_hist,COMPLETE
201,0.8568465064307059,5.271156007326334,0.3629503967719922,logloss,0.0015040093346031336,0.03456813797702614,7,177,binary:logistic,0.5759974038515625,gpu_hist,COMPLETE
202,0.8569399928322858,6.300156854130556,0.336395804727641,logloss,0.0018512415792809216,0.03841828221496214,7,208,binary:logistic,0.5664212693374157,gpu_hist,COMPLETE
203,0.8569183412819199,4.297061870709679,0.3313197955855828,logloss,0.0018826346759358342,0.03875043736464726,7,205,binary:logistic,0.565091903298761,gpu_hist,COMPLETE
204,0.8569031218316627,8.503122036541091,0.3421916697221062,logloss,0.0011890339377162843,0.044126774133903666,7,224,binary:logistic,0.5468032540447544,gpu_hist,COMPLETE
205,0.8569245936320256,6.380369590686738,0.3120989386497584,logloss,0.002904501660287821,0.03590723043313686,7,212,binary:logistic,0.5716497937940627,gpu_hist,COMPLETE
206,0.8567906744797624,9.941950614656973,0.3247710715124173,logloss,0.001895910785709377,0.04062432701812216,7,197,binary:logistic,0.5923876477136678,gpu_hist,COMPLETE
207,0.856839766330592,7.309063678985661,0.3495405812338876,logloss,0.0012812267894176488,0.031014540637873556,7,234,binary:logistic,0.5560873515349064,gpu_hist,COMPLETE
208,0.8569052786816991,5.220335988101163,0.3007287455340373,logloss,0.0023952349491928693,0.03751338046254788,7,209,binary:logistic,0.5384726259146139,gpu_hist,COMPLETE
209,0.8554432604069911,3.5207617439262235,0.6548679273119682,logloss,0.0015921769418166412,0.04747762127393236,3,225,binary:logistic,0.5791567891315167,gpu_hist,COMPLETE
210,0.8567558146791732,4.413837872763568,0.3721732570264069,logloss,0.001019728727236592,0.03381070388364131,7,217,binary:logistic,0.5633013181849551,gpu_hist,COMPLETE
211,0.856655681677481,6.346025370690096,0.3567812157896285,logloss,0.0014467969135786812,0.02882650158840706,7,202,binary:logistic,0.5823948640578296,gpu_hist,COMPLETE
212,0.8567024068782706,6.063015307264293,0.3362380162725483,logloss,0.001745064411075096,0.033276011900508086,7,16,binary:logistic,0.5925715665476227,gpu_hist,COMPLETE
213,0.8568403671306022,8.483368066459203,0.32466104472579776,logloss,0.0012899510406551844,0.04078276340489233,7,230,binary:logistic,0.5702656703187764,gpu_hist,COMPLETE
214,0.8568648329810158,7.118021371236127,0.350315247503514,logloss,0.0020204498249891197,0.03700825385199431,7,221,binary:logistic,0.551238175724602,gpu_hist,COMPLETE
215,0.8567643346793172,5.256790845138916,0.38748369753531176,logloss,0.002874013963690815,0.03134250299732571,7,239,binary:logistic,0.5580841869186685,gpu_hist,COMPLETE
216,0.8559853196661519,2.9744349006537107,0.3194206575263927,logloss,0.0015469665051381354,0.04361521049417595,11,213,binary:logistic,0.5406848580140925,gpu_hist,COMPLETE
217,0.8567141404784689,7.936923474475311,0.6996060543921108,logloss,0.003941267486028202,0.03469766396033512,7,140,binary:logistic,0.5798914743906052,gpu_hist,COMPLETE
218,0.8568506607307762,2.008156727169209,0.33788727041407085,logloss,0.0010036049482466192,0.03929747915865817,7,209,binary:logistic,0.5247911075145726,gpu_hist,COMPLETE
219,0.8561566658690476,5.94630362082925,0.365407765061038,logloss,0.0025751239406460497,0.03637168950451307,13,199,binary:logistic,0.6010570203048842,gpu_hist,COMPLETE
220,0.8566532791274405,4.5738974284125,0.31018552516261655,logloss,0.00209861684895491,0.028639057933059774,7,219,binary:logistic,0.5684101312132966,gpu_hist,COMPLETE
221,0.8569397981822826,6.285460538291511,0.3119680045718495,logloss,0.003314423406986943,0.035298880141663304,7,213,binary:logistic,0.5767360256265494,gpu_hist,COMPLETE
222,0.8569178915319123,6.831860234465531,0.327653128255694,logloss,0.005426061971766928,0.03399578027703726,7,207,binary:logistic,0.5853054940843969,gpu_hist,COMPLETE
223,0.8570455666340702,5.7683220541394356,0.3000616035497037,logloss,0.003194171877955696,0.038665523631469655,7,227,binary:logistic,0.5578877865521232,gpu_hist,COMPLETE
224,0.8568336309804883,5.1804880354980725,0.30240942183653335,logloss,0.003466085071239511,0.04193491223225878,7,227,binary:logistic,0.5501776870642197,gpu_hist,COMPLETE
225,0.8523792887052101,8.475802415632975,0.3170131407977107,logloss,0.004091285160928683,0.010646522718438647,7,214,binary:logistic,0.5619395300228972,gpu_hist,COMPLETE
226,0.856963967932691,7.259017349696316,0.32588691591818264,logloss,0.0031895203084020803,0.03812486171259679,7,223,binary:logistic,0.5450958495255701,gpu_hist,COMPLETE
227,0.8562244579701934,6.022644081672195,0.3014442679072386,logloss,0.004854144708864655,0.03847452046544495,15,221,binary:logistic,0.5359183943724845,gpu_hist,COMPLETE
228,0.8569955855832254,3.6734935080839834,0.32951653914385826,logloss,0.0032541118059364682,0.04671795610635296,7,231,binary:logistic,0.545832619399522,gpu_hist,COMPLETE
229,0.8565018521748813,3.639398780877198,0.3344829580202216,logloss,0.0032213721875517525,0.048862114846713274,7,235,binary:logistic,0.5438507908179473,gpu_hist,COMPLETE
230,0.8565123515250588,2.2180222138996863,0.3212109181219525,logloss,0.0033479354827840773,0.044290391566944684,9,231,binary:logistic,0.5483838644644934,gpu_hist,COMPLETE
231,0.8568406258806066,4.056988898946878,0.31759982091185013,logloss,0.0029872391332508752,0.04004424092900104,7,216,binary:logistic,0.5115844095808921,gpu_hist,COMPLETE
232,0.8567019261282626,4.818037170639692,0.32927230327872054,logloss,0.0025447294624226817,0.04511124792002749,7,223,binary:logistic,0.5247751997619476,gpu_hist,COMPLETE
233,0.8569559972825564,2.909890795931969,0.3103812888928105,logloss,0.004184182911005175,0.0383464036334219,7,229,binary:logistic,0.5582921490823297,gpu_hist,COMPLETE
234,0.8569244479320232,2.7831955116611553,0.34086889720377256,logloss,0.004335456150742143,0.03641418759145098,7,239,binary:logistic,0.5632892551984114,gpu_hist,COMPLETE
235,0.8568169786302069,3.773534604088579,0.3133242885153708,logloss,0.005831958704600237,0.03095534838580878,7,231,binary:logistic,0.5555521442583319,gpu_hist,COMPLETE
236,0.8565082873749901,2.38317094210917,0.7834680997629309,logloss,0.003805090097865223,0.03747612160094557,7,227,binary:logistic,0.5705828599015025,gpu_hist,COMPLETE
237,0.8568925268314838,3.3509009078755527,0.33037683913942767,logloss,0.004278269468527393,0.04255779797163294,7,221,binary:logistic,0.5397387395861158,gpu_hist,COMPLETE
238,0.8569277123320783,4.2850785152267346,0.34609709457590065,logloss,0.0030053654957633573,0.033648742290315094,7,242,binary:logistic,0.5570317813678585,gpu_hist,COMPLETE
239,0.8564566844741179,5.494517993513075,0.31255055312939006,logloss,0.005449060889510411,0.05032953463728866,7,83,binary:logistic,0.5789518583187669,gpu_hist,COMPLETE
240,0.8569594349326145,5.223931357218269,0.3264752122461443,logloss,0.0035943160908254385,0.04040263301635627,7,215,binary:logistic,0.5502453840544619,gpu_hist,COMPLETE
241,0.8568440514306644,5.349688279795354,0.32420771149775723,logloss,1.69576140820673,0.039498291485592245,7,214,binary:logistic,0.5515277067507913,gpu_hist,COMPLETE
242,0.8569387011822641,6.90447670030848,0.3365270661464701,logloss,0.0032930493258636075,0.03640289410082535,7,226,binary:logistic,0.5701236007099572,gpu_hist,COMPLETE
243,0.8567246963286475,6.692302850010746,0.33855335338774056,logloss,0.004002921954300867,0.04651949447784795,7,234,binary:logistic,0.5690274465533534,gpu_hist,COMPLETE
244,0.8568956627815367,7.294208772619948,0.3498082852763626,logloss,0.003316998661079219,0.037002550822328124,7,225,binary:logistic,0.5703043512920102,gpu_hist,COMPLETE
245,0.8567759081295129,4.559082085645859,0.32857248546751167,logloss,0.004833015343603736,0.04162591005372197,7,210,binary:logistic,0.5895095470622586,gpu_hist,COMPLETE
246,0.8559922811162696,5.888119503518515,0.33774989963223734,logloss,0.0032352065030905506,0.03670615173262273,17,228,binary:logistic,0.75624040354019,gpu_hist,COMPLETE
247,0.8567983587298923,1.510176531500515,0.32020011951014654,logloss,0.00374408889504962,0.04229334366928694,7,216,binary:logistic,0.5591183740179116,gpu_hist,COMPLETE
248,0.8568625481809772,2.9252938240879636,0.3580384355567972,logloss,0.17693459129213884,0.03448470775643724,7,223,binary:logistic,0.539853997386884,gpu_hist,COMPLETE
249,0.8560708178175969,7.699178287023087,0.3115609698016812,logloss,0.002476081834338847,0.03939495355917585,20,237,binary:logistic,0.5777383017070966,gpu_hist,COMPLETE
250,0.8568564256308736,5.167233702337983,0.33319484696485446,logloss,0.0027667125060274306,0.03141718611972455,7,205,binary:logistic,0.5604742214195954,gpu_hist,COMPLETE
251,0.8566891916280474,3.5949988897329397,0.34793455298402465,logloss,0.004814547276215575,0.04605745382148632,7,231,binary:logistic,0.5446339981447583,gpu_hist,COMPLETE
252,0.8568428103306435,6.388232068372445,0.325016031905487,logloss,0.003602841771048208,0.03718421064261391,7,219,binary:logistic,0.5317238940598581,gpu_hist,COMPLETE
253,0.8569380256822526,4.170059680906003,0.3026594249356429,logloss,0.002231565665180045,0.041097082312662916,7,212,binary:logistic,0.576346111448677,gpu_hist,COMPLETE
254,0.8558388596636768,4.100106295717227,0.3031156217578212,logloss,0.0064568194762504635,0.053740277869449286,3,208,binary:logistic,0.5912060666982766,gpu_hist,COMPLETE
255,0.8568944492815163,3.1575173151993705,0.3114201276271813,logloss,0.0024601064590566955,0.043421075097906096,7,215,binary:logistic,0.5771982739269576,gpu_hist,COMPLETE
