number,value,params_alpha,params_colsample_bytree,params_eval_metric,params_lambda,params_learning_rate,params_max_depth,params_min_child_weight,params_objective,params_subsample,params_tree_method,state
770,0.8570802148346557,7.3450548685819586,0.3258628473079134,logloss,0.02384021280833367,0.0660868005730396,5,289,binary:logistic,0.8449306389460318,gpu_hist,COMPLETE
771,0.8566360120771486,7.3315132916102685,0.3269940520137943,logloss,0.027975975476499094,0.08774012262486831,5,286,binary:logistic,0.841603513966566,gpu_hist,COMPLETE
772,0.8536327964763943,6.956054947185089,0.33124854488500477,logloss,0.02381644041120931,0.06966597632271311,20,285,binary:logistic,0.8388877015884546,gpu_hist,COMPLETE
773,0.8571308777355118,6.5194099139413115,0.33137438235814554,logloss,0.02220131190584253,0.06504644465306181,5,290,binary:logistic,0.8328512261074735,gpu_hist,COMPLETE
774,0.856798702629898,6.649921984320377,0.328611134413197,logloss,0.022524090195586207,0.07124569250106369,5,289,binary:logistic,0.9388570662209944,gpu_hist,COMPLETE
775,0.8569348907321996,8.10031338312856,0.3267246262630515,logloss,0.02613339329408575,0.07967277700712921,5,290,binary:logistic,0.8323073496727645,gpu_hist,COMPLETE
776,0.855063671250576,6.460860017186653,0.32860486682228146,logloss,0.03008769033074396,0.06609380289476634,11,283,binary:logistic,0.8004860689866923,gpu_hist,COMPLETE
777,0.8535551433250819,7.951496226078167,0.32293896032400443,logloss,0.023211528278495003,0.07576812788666032,17,290,binary:logistic,0.8104677518646967,gpu_hist,COMPLETE
778,0.857209997086849,6.459498270190447,0.32011800991950745,logloss,0.01853611905732094,0.05922515103110491,5,285,binary:logistic,0.8193182264690444,gpu_hist,COMPLETE
779,0.8564390749238203,6.49727164323768,0.8148039438513404,logloss,0.022307850832787135,0.075191261600447,5,286,binary:logistic,0.82991872627084,gpu_hist,COMPLETE
780,0.8567478026290378,8.263871085094598,0.7137553486413858,logloss,0.028192752557006616,0.06327178046870897,5,284,binary:logistic,0.8244465306251773,gpu_hist,COMPLETE
781,0.8570438517340411,6.435585881461145,0.31646614762263225,logloss,0.021151241790747285,0.061013841111293474,5,291,binary:logistic,0.8451841554364784,gpu_hist,COMPLETE
782,0.8570071340834206,6.420169353173121,0.32018482685958033,logloss,0.021157947431107,0.06253606316313207,5,292,binary:logistic,0.814110906759728,gpu_hist,COMPLETE
783,0.8567799774795817,6.618706014638538,0.32446256648679156,logloss,0.022093206199006447,0.08199490830093825,5,292,binary:logistic,0.8463333516574092,gpu_hist,COMPLETE
784,0.8570209973336549,6.167541391155248,0.3156840846539868,logloss,0.032144493538918024,0.06574878897366654,5,291,binary:logistic,0.8375422461525153,gpu_hist,COMPLETE
785,0.8571194380353186,7.56058301283962,0.3328972836674583,logloss,0.019135576964438756,0.05279032280427354,5,284,binary:logistic,0.8231376734271624,gpu_hist,COMPLETE
786,0.8569992619832875,7.25251981393038,0.33522634051975253,logloss,0.01982990395967308,0.07079413225501638,5,285,binary:logistic,0.8189319378877771,gpu_hist,COMPLETE
787,0.8570185433836134,5.955368079569888,0.33321552253894937,logloss,0.026188127645325163,0.05821136466310812,5,285,binary:logistic,0.7666643109826182,gpu_hist,COMPLETE
788,0.8569442892823587,8.239131125981118,0.3359766867029312,logloss,0.02569389862519326,0.06402075217013005,5,294,binary:logistic,0.831400860322663,gpu_hist,COMPLETE
789,0.8566113478267318,7.313622857689015,0.9097340883510131,logloss,0.019277545170450505,0.06154203969220371,5,283,binary:logistic,0.844771473518251,gpu_hist,COMPLETE
790,0.8570678880844473,8.456268312018903,0.32349744109044415,logloss,0.019503744554336507,0.06136289381794899,5,290,binary:logistic,0.8229805471750444,gpu_hist,COMPLETE
791,0.8569832455330169,9.977219529588421,0.33408721527819973,logloss,0.020173373464972885,0.0661711437210898,5,294,binary:logistic,0.8091634472734631,gpu_hist,COMPLETE
792,0.8570415210340017,6.0055537276085005,0.31608335863893383,logloss,0.03060191083763979,0.0727874555765255,5,294,binary:logistic,0.8223808558232261,gpu_hist,COMPLETE
793,0.856834789980508,6.145275318417295,0.3384015525002143,logloss,0.0323302842718317,0.07669849809789096,5,300,binary:logistic,0.826215035406089,gpu_hist,COMPLETE
794,0.8570448098340572,6.207192518142479,0.32310937419104796,logloss,0.02713838288808089,0.06748564657198491,5,293,binary:logistic,0.7999038561676677,gpu_hist,COMPLETE
795,0.8569897321331265,6.29079977215835,0.338496450851432,logloss,0.02810650106994613,0.06421124531904983,5,294,binary:logistic,0.8010110577386363,gpu_hist,COMPLETE
796,0.856780354079588,7.3383909298957635,0.6708604432583993,logloss,0.03544197737024675,0.07090528469704997,5,290,binary:logistic,0.793408633033692,gpu_hist,COMPLETE
797,0.8568888451314215,8.433418490248815,0.3269748059276007,logloss,0.026678034634919894,0.0717571850186425,5,295,binary:logistic,0.8190501360207378,gpu_hist,COMPLETE
798,0.8567185858785441,5.720283342094051,0.34242263361655956,logloss,0.024166028946085036,0.0826972103731643,5,289,binary:logistic,0.8035544498041566,gpu_hist,COMPLETE
799,0.857018223083608,7.198632105628552,0.32424635886581943,logloss,0.03667619104925929,0.06956426009607425,5,283,binary:logistic,0.8177350796564729,gpu_hist,COMPLETE
800,0.8569132055818331,8.581609391323996,0.31853230830821583,logloss,0.021401692970124855,0.0767525475330126,5,292,binary:logistic,0.8347195468278528,gpu_hist,COMPLETE
801,0.8566809795279086,5.97967224169988,0.33276274683876916,logloss,0.025061086459194734,0.09087592910794134,5,300,binary:logistic,0.827806735930937,gpu_hist,COMPLETE
802,0.8571426949857115,8.683340281424565,0.31829908775819066,logloss,0.03107346157894902,0.06308967637069379,5,283,binary:logistic,0.845300293436791,gpu_hist,COMPLETE
803,0.8570258365837367,9.940718886605543,0.34293239404688736,logloss,0.03345504681504375,0.06564255581364568,5,283,binary:logistic,0.8432132908705658,gpu_hist,COMPLETE
804,0.8570120189335031,7.233984800070685,0.324969650542038,logloss,0.030733989337148326,0.06984739576822835,5,283,binary:logistic,0.8113735389962978,gpu_hist,COMPLETE
805,0.8570250621337235,6.0568456077851875,0.3168800874281555,logloss,0.04183020425284322,0.06149963863605205,5,288,binary:logistic,0.8522721478772771,gpu_hist,COMPLETE
806,0.8570397131339711,8.36510547725215,0.34307527895667556,logloss,0.023919492324461618,0.06073662632975697,5,284,binary:logistic,0.8366471111096128,gpu_hist,COMPLETE
807,0.8570501093341468,9.964287918956662,0.34878877886027826,logloss,0.03178838942832319,0.06675209819593175,5,283,binary:logistic,0.8278480751820869,gpu_hist,COMPLETE
808,0.8568772932312262,8.351515806809266,0.3476135499394013,logloss,0.04457921502051378,0.0719449333591562,5,282,binary:logistic,0.8254807935264012,gpu_hist,COMPLETE
809,0.8571678956361374,7.342202196275318,0.35279720553340804,logloss,0.03802166866841739,0.06216681524130668,5,282,binary:logistic,0.8381863133584939,gpu_hist,COMPLETE
810,0.8571565469359456,8.541709218824405,0.3461732661779876,logloss,0.030723400067509087,0.061819240581790176,5,287,binary:logistic,0.8380559575191275,gpu_hist,COMPLETE
811,0.8570434753840347,7.203542547330315,0.35303167526415685,logloss,0.035306119723314724,0.06696559801877983,5,289,binary:logistic,0.8205932463920114,gpu_hist,COMPLETE
812,0.8569661419827279,6.944404049254896,0.3586236976965593,logloss,0.037713295664119774,0.06719818765761233,5,286,binary:logistic,0.8147940137559233,gpu_hist,COMPLETE
813,0.8568837644813356,5.93036683396769,0.35557373990530805,logloss,0.03709708696291788,0.07882427181713751,5,282,binary:logistic,0.8249065490723836,gpu_hist,COMPLETE
814,0.8570070495834191,7.060203725159261,0.3516781162132334,logloss,0.03189662582731937,0.06675475710036917,5,289,binary:logistic,0.8378140354597927,gpu_hist,COMPLETE
815,0.8568561609308691,7.437978761529818,0.3491563193413236,logloss,0.03957143473671576,0.0761572203855085,5,288,binary:logistic,0.8028037275023366,gpu_hist,COMPLETE
816,0.8571270510854472,6.3203492357029525,0.3524090379160651,logloss,0.049538539743162975,0.061354443945524424,5,282,binary:logistic,0.8207644766623238,gpu_hist,COMPLETE
817,0.8570495313341371,5.895641800652299,0.3613270861091928,logloss,0.04769174459264019,0.06388328094190669,5,281,binary:logistic,0.8126163058852898,gpu_hist,COMPLETE
818,0.8570474384341018,5.645863301713999,0.3613043828620408,logloss,0.05102255289633201,0.061551567554170426,5,282,binary:logistic,0.793049812057515,gpu_hist,COMPLETE
819,0.8569550535825405,5.490948411068766,0.3649749926166497,logloss,0.06202849706997631,0.06020773676509676,5,282,binary:logistic,0.786728954071189,gpu_hist,COMPLETE
820,0.8569761148828964,5.651042643433103,0.37355878936703374,logloss,0.04650353757637302,0.06124225951572924,5,280,binary:logistic,0.7944650999393456,gpu_hist,COMPLETE
821,0.8570163605835766,6.0583003946019245,0.37444669867771485,logloss,0.06645336891438734,0.059374961491671895,5,280,binary:logistic,0.8093530437263555,gpu_hist,COMPLETE
822,0.8569546897825343,6.74639990891344,0.3620809337740047,logloss,0.04369462699931367,0.06293942044402562,5,280,binary:logistic,0.804411185311386,gpu_hist,COMPLETE
823,0.8569653502327144,5.650178171069071,0.3661062531599277,logloss,0.05063341829593652,0.066331885810471,5,284,binary:logistic,0.7786982960647433,gpu_hist,COMPLETE
824,0.8570717239845121,8.494089037050598,0.3541249396302968,logloss,0.04959998148550639,0.058941528167169646,5,281,binary:logistic,0.8346224476772762,gpu_hist,COMPLETE
825,0.8569893712831205,9.987094719343903,0.37319326277561365,logloss,0.05891974171845213,0.07083768736055275,5,280,binary:logistic,0.8300141165128911,gpu_hist,COMPLETE
826,0.8571102925351639,8.531512020602316,0.36013701010043525,logloss,0.04760027668042859,0.058403192316900936,5,279,binary:logistic,0.8128399626575363,gpu_hist,COMPLETE
827,0.8569015073816355,7.956708221778404,0.36432388675666383,logloss,0.03762330087590124,0.061484388858887885,5,280,binary:logistic,0.7950317162784325,gpu_hist,COMPLETE
828,0.8569998475332974,8.202500580908232,0.36814020045994,logloss,0.052949926602052375,0.058509927294671395,5,280,binary:logistic,0.8082507680720574,gpu_hist,COMPLETE
829,0.8569837999830262,7.013033289764047,0.3546565945251303,logloss,0.04764440274010716,0.06625953931338935,5,279,binary:logistic,0.8138032543097602,gpu_hist,COMPLETE
830,0.8567344483788122,8.427344566695407,0.3638680686435705,logloss,0.04477932947087766,0.08579656468378472,5,286,binary:logistic,0.827428509926713,gpu_hist,COMPLETE
831,0.8569852120330501,7.174928105977417,0.3571444390254777,logloss,0.07417995566677149,0.0597648328020131,5,278,binary:logistic,0.818220362105469,gpu_hist,COMPLETE
832,0.8567756929795093,9.973466058936214,0.36950514186515904,logloss,0.05276360939481134,0.07169219518411725,5,287,binary:logistic,0.7954161977631764,gpu_hist,COMPLETE
833,0.8570636282843753,5.711988154410425,0.35150388546115374,logloss,0.060197935524126354,0.05725292370292254,5,281,binary:logistic,0.8340210455173616,gpu_hist,COMPLETE
834,0.8569419690823192,5.626698081135774,0.3765559854006372,logloss,0.09122390488305278,0.0581176312385774,5,278,binary:logistic,0.8425374482722368,gpu_hist,COMPLETE
835,0.8569780634829293,6.110194829143882,0.3504455234159076,logloss,0.06477723633625032,0.06728665835355621,5,282,binary:logistic,0.8069537032865086,gpu_hist,COMPLETE
836,0.8568390608805802,5.400958666251862,0.37800390727396116,logloss,0.04418808864456259,0.07664130008625117,5,279,binary:logistic,0.8225636096853587,gpu_hist,COMPLETE
837,0.8569774775329194,7.173905267276298,0.3540040458657059,logloss,0.055284448628167296,0.057148146890780335,5,285,binary:logistic,0.8384832647883103,gpu_hist,COMPLETE
838,0.8569218894319799,5.328897857724374,0.3597145149436565,logloss,0.042681598779966363,0.06529169039107684,5,277,binary:logistic,0.8504138806486209,gpu_hist,COMPLETE
839,0.8570132878835245,6.40443499058945,0.352907492532186,logloss,0.05389887885407554,0.06353625637706102,5,286,binary:logistic,0.816228932665719,gpu_hist,COMPLETE
840,0.8570910859348393,7.379991455289657,0.3512682056488333,logloss,0.06781060621130841,0.05878001869568479,5,282,binary:logistic,0.8303144424447244,gpu_hist,COMPLETE
841,0.8569437518823495,8.239377408524513,0.3790295444404881,logloss,0.08014625781371343,0.05651810525619958,5,276,binary:logistic,0.8378833950662349,gpu_hist,COMPLETE
842,0.8569061123317133,7.293218090737905,0.36711624557288103,logloss,0.05579777584033418,0.05801713730870992,5,283,binary:logistic,0.8300323205517848,gpu_hist,COMPLETE
843,0.8569832883830175,8.545334427796792,0.37027821318740306,logloss,0.06940134959472821,0.060991539459782904,5,277,binary:logistic,0.8556050545503415,gpu_hist,COMPLETE
844,0.8570627452343604,9.949909977462466,0.35707417799944025,logloss,0.04730434270716777,0.05650481599090307,5,282,binary:logistic,0.8307838344314856,gpu_hist,COMPLETE
845,0.8568605527309433,0.02270479273531784,0.3793541779038528,logloss,0.06600492567059753,0.056179701722764284,5,282,binary:logistic,0.8298350970309821,gpu_hist,COMPLETE
846,0.8569577332825857,0.028568940725632135,0.36481539306227295,logloss,0.048155751918423376,0.06252835423704606,5,278,binary:logistic,0.8494757139591893,gpu_hist,COMPLETE
847,0.857031133633826,8.577899765635333,0.35950844045943636,logloss,0.03913330640296816,0.05649341312177445,5,287,binary:logistic,0.820730232657576,gpu_hist,COMPLETE
848,0.8569760304328948,9.900988543990803,0.3558870569506806,logloss,0.08636373656534761,0.0729957882043309,5,282,binary:logistic,0.8330190925434187,gpu_hist,COMPLETE
849,0.8569937884831951,9.959434383939824,0.350443075564025,logloss,0.046944107944034454,0.06348491515492473,5,275,binary:logistic,0.8589393216427612,gpu_hist,COMPLETE
850,0.857004436333375,8.218354909191742,0.3791312482254667,logloss,0.06221342860896776,0.05638828358131234,5,288,binary:logistic,0.8436131052666925,gpu_hist,COMPLETE
851,0.8569082644317497,9.94920925334193,0.35170533060430914,logloss,0.04094039915447605,0.07187083323972922,5,283,binary:logistic,0.8121622830357608,gpu_hist,COMPLETE
852,0.8570488259341252,9.964446945218699,0.3691121445623246,logloss,0.059303764967053196,0.06510955459807709,5,276,binary:logistic,0.8240539261934482,gpu_hist,COMPLETE
853,0.8569437631323495,9.958011087689348,0.3489229947054382,logloss,0.06388648379442056,0.06777228698116078,5,289,binary:logistic,0.8324602504652314,gpu_hist,COMPLETE
854,0.8569019565816431,9.95327379707826,0.34873936943732153,logloss,0.08438095014840692,0.07741355001735567,5,276,binary:logistic,0.8461546007295485,gpu_hist,COMPLETE
855,0.857032369483847,8.350428176987194,0.3711725685325078,logloss,0.03409312218132805,0.05704672687802589,5,276,binary:logistic,0.8614815468677499,gpu_hist,COMPLETE
856,0.8568023687799601,7.8383315407519625,0.3881374714609329,logloss,0.11543595707477716,0.08221973182010281,5,276,binary:logistic,0.8199294370110256,gpu_hist,COMPLETE
857,0.8568650952810202,7.67514908688112,0.3674750157433931,logloss,0.07392843118134379,0.06448481433595431,5,286,binary:logistic,0.8357622911507737,gpu_hist,COMPLETE
858,0.8569676783327538,8.521737745290519,0.34675870544229376,logloss,0.056318783956516134,0.05501436194111491,5,289,binary:logistic,0.8235673416474494,gpu_hist,COMPLETE
859,0.8570245346837148,9.95418210687823,0.3472195864036501,logloss,0.04412774299571184,0.06936858287243211,5,280,binary:logistic,0.847836235228996,gpu_hist,COMPLETE
860,0.8570460095340775,7.297901842531482,0.38206233534110695,logloss,0.03621148672884705,0.061107739840773036,5,275,binary:logistic,0.8113737018292456,gpu_hist,COMPLETE
861,0.8569778397829255,8.559245764835365,0.3644327560081399,logloss,0.04932639120630464,0.055487058097881264,5,283,binary:logistic,0.8574070920071218,gpu_hist,COMPLETE
862,0.8568488558307457,7.08863008649996,0.3528630150271172,logloss,0.031917035997005704,0.07216674434298749,5,290,binary:logistic,0.8341779225702193,gpu_hist,COMPLETE
863,0.8570717921345132,8.573718164877407,0.34369697792893905,logloss,0.039967897505097584,0.06459203547824473,5,275,binary:logistic,0.8236588017656892,gpu_hist,COMPLETE
864,0.8570941111348904,7.15746759433662,0.3453561528648032,logloss,0.04145997455089075,0.058633810648197074,5,283,binary:logistic,0.8421957160920042,gpu_hist,COMPLETE
865,0.8570038047833642,7.294325496074717,0.3431830222871534,logloss,0.03865425211084502,0.05738351477579336,5,290,binary:logistic,0.8631869434425603,gpu_hist,COMPLETE
866,0.8569632046326782,7.278032117333362,0.34424761433036744,logloss,0.03059320929695464,0.05497218166963062,5,286,binary:logistic,0.8387506485947462,gpu_hist,COMPLETE
867,0.8567178836785323,8.334426464171326,0.9981578987785753,logloss,0.0391550695788293,0.059811961618553136,5,93,binary:logistic,0.8484115138661222,gpu_hist,COMPLETE
868,0.8569639002826899,0.007138637252097702,0.34340318878966475,logloss,0.030467844872063093,0.05463005120634697,5,281,binary:logistic,0.8444796945288685,gpu_hist,COMPLETE
869,0.8570429115340252,8.615609980630891,0.34243350512727927,logloss,0.034582586583110184,0.060150750944766344,5,274,binary:logistic,0.8301587645854765,gpu_hist,COMPLETE
870,0.8566445159272923,7.116864043238147,0.686244460500774,logloss,0.039832619522103006,0.06835697911029481,5,289,binary:logistic,0.8615590299274198,gpu_hist,COMPLETE
871,0.8565966095264828,8.340622332280184,0.9410399361392017,logloss,0.028150757521521564,0.07420487182073121,5,284,binary:logistic,0.8523381167945256,gpu_hist,COMPLETE
872,0.857021778983668,6.750700738393407,0.3435982336828061,logloss,0.04090894443001637,0.05490461051860739,5,293,binary:logistic,0.8407462235197802,gpu_hist,COMPLETE
873,0.8571102971851641,8.538489277851236,0.33968360215228743,logloss,0.03248183326988796,0.06096410811116904,5,273,binary:logistic,0.8249974691809483,gpu_hist,COMPLETE
874,0.8569831233830147,6.8149256623098315,0.34106066335623264,logloss,0.04884932880763668,0.059716725381167575,5,274,binary:logistic,0.8153225624557493,gpu_hist,COMPLETE
875,0.8569183776819206,6.518712684332413,0.34106031398458975,logloss,0.02786275802920615,0.053641322390670106,5,274,binary:logistic,0.8662767545087077,gpu_hist,COMPLETE
876,0.8569747441328732,8.05369360552011,0.35775637914673025,logloss,0.03478951394181298,0.06079754535884095,5,280,binary:logistic,0.8398639199678953,gpu_hist,COMPLETE
877,0.8569931194331837,8.500407563358563,0.3375547194836547,logloss,0.07105126367983773,0.053993901051252444,5,273,binary:logistic,0.8245373300416231,gpu_hist,COMPLETE
878,0.8570056525333954,6.547177599317637,0.3539489004734409,logloss,0.043241091383446076,0.06293498931611398,5,289,binary:logistic,0.8522199455355673,gpu_hist,COMPLETE
879,0.8569334002821745,7.1524636100965475,0.35403911728835374,logloss,0.05266526365948828,0.05726145715395188,5,280,binary:logistic,0.8057047643800033,gpu_hist,COMPLETE
880,0.8569538012825193,8.524963237812148,0.33700751707333937,logloss,0.026984028236341877,0.06553682698115414,5,288,binary:logistic,0.8352668984572881,gpu_hist,COMPLETE
881,0.8570832280847065,6.173469040130745,0.33998227490283345,logloss,0.03542457021800893,0.054342235858791506,5,277,binary:logistic,0.8261171011041648,gpu_hist,COMPLETE
882,0.857039229033963,5.648282716683667,0.3378340142315946,logloss,0.03318453229186966,0.053475773725711766,5,275,binary:logistic,0.8200724186675276,gpu_hist,COMPLETE
883,0.8568704619311108,0.004410482618723739,0.3398628858727081,logloss,0.02737678820888705,0.07817593498901403,5,273,binary:logistic,0.8049809751200792,gpu_hist,COMPLETE
884,0.8569406375322967,5.458085011293905,0.3395295897910806,logloss,0.03563678293173976,0.07042502509289546,5,279,binary:logistic,0.8495797002700652,gpu_hist,COMPLETE
885,0.857041830684007,6.286385795960179,0.34251553366130955,logloss,0.1004521121824351,0.060316473845094504,5,295,binary:logistic,0.8607423727478682,gpu_hist,COMPLETE
886,0.8568178586302218,5.434691383944699,0.33555572590494925,logloss,0.029650157462166427,0.05333901597039431,5,76,binary:logistic,0.8178802112872208,gpu_hist,COMPLETE
887,0.856936981382235,6.682831383970866,0.3532630381617107,logloss,0.041372691566040405,0.06557701445072434,5,285,binary:logistic,0.8432154462522261,gpu_hist,COMPLETE
888,0.8569974415832569,7.114728725563019,0.33500522489274104,logloss,0.025687644878551734,0.058936940621991785,5,274,binary:logistic,0.828002215731632,gpu_hist,COMPLETE
889,0.8569403661322923,6.144158218807278,0.3379800721428059,logloss,0.034982021212093393,0.05276257300051858,5,293,binary:logistic,0.863090299770253,gpu_hist,COMPLETE
890,0.856674911327806,7.62504559425701,0.3606347241419988,logloss,0.059740817301447716,0.08593432429540117,5,288,binary:logistic,0.8044300908862217,gpu_hist,COMPLETE
891,0.8570585843842901,5.337409485656323,0.3486634133737993,logloss,0.02368997618468577,0.06309438046086155,5,273,binary:logistic,0.8375645889855005,gpu_hist,COMPLETE
892,0.8568941375315109,7.498487186575875,0.3357582461320172,logloss,0.04037337849074935,0.07255787496858157,5,280,binary:logistic,0.8244797191625122,gpu_hist,COMPLETE
893,0.8571086730851366,8.332641705066402,0.36074037017235094,logloss,0.03074206576616752,0.058666568787562295,5,287,binary:logistic,0.8488579521415927,gpu_hist,COMPLETE
894,0.8570075006334268,8.534264276919908,0.37996391319923,logloss,0.02855005906710735,0.06533654274681522,5,291,binary:logistic,0.8544901817853624,gpu_hist,COMPLETE
895,0.856987510583089,8.107118952448864,0.3677433290768164,logloss,0.032183333312377854,0.06039312483260505,5,295,binary:logistic,0.872136993618482,gpu_hist,COMPLETE
896,0.8569274120320732,8.34011637399291,0.3355581491576986,logloss,0.023793092343375136,0.06891629126379929,5,287,binary:logistic,0.8484622261203932,gpu_hist,COMPLETE
897,0.856887289681395,9.938006981631048,0.3562314383389684,logloss,0.03273767293661005,0.053068884723201225,5,286,binary:logistic,0.8669870707959558,gpu_hist,COMPLETE
898,0.8568823908813125,7.071079672914927,0.3699564796526023,logloss,0.02662370230053955,0.07290343615910269,5,293,binary:logistic,0.8470582899562363,gpu_hist,COMPLETE
899,0.8569676299827529,8.395610627423997,0.3366046369220523,logloss,0.020874556418768567,0.05327850602579317,5,277,binary:logistic,0.7872944313267815,gpu_hist,COMPLETE
