number,value,params_alpha,params_colsample_bytree,params_eval_metric,params_lambda,params_learning_rate,params_max_depth,params_min_child_weight,params_objective,params_subsample,params_tree_method,state
900,0.8570343592838806,6.836517934035362,0.34617491469481226,logloss,0.03843954304003364,0.05944641157322047,5,285,binary:logistic,0.8218200803247957,gpu_hist,COMPLETE
901,0.8569864153830704,9.988795388797891,0.3334378941947506,logloss,0.029908111789307308,0.06670067239409891,5,293,binary:logistic,0.8388820816294151,gpu_hist,COMPLETE
902,0.8568864719313813,8.09955357648887,0.3626618937208617,logloss,0.021907156519975858,0.059924943061231674,5,272,binary:logistic,0.8581444198580114,gpu_hist,COMPLETE
903,0.8566878930780254,6.492031118086864,0.34712165106921317,logloss,0.025566007595647672,0.08228033383891221,5,285,binary:logistic,0.8131169708200555,gpu_hist,COMPLETE
904,0.8569981325832685,8.55888974214528,0.3339890120741391,logloss,0.04305156521918058,0.05282085291014519,5,280,binary:logistic,0.8395397857959728,gpu_hist,COMPLETE
905,0.8565452234256142,9.97340628178743,0.7683006180339143,logloss,0.034981112197471805,0.07538804121685436,5,290,binary:logistic,0.8019794935636908,gpu_hist,COMPLETE
906,0.8569507363824675,7.172364413748578,0.3725078205055329,logloss,0.01881061624320287,0.06403620242253541,5,272,binary:logistic,0.8671469894479703,gpu_hist,COMPLETE
907,0.8570693939344728,6.318792718246113,0.3321534047957966,logloss,0.029949294210065088,0.056126504684633975,5,295,binary:logistic,0.8279976106001617,gpu_hist,COMPLETE
908,0.8568969666315587,5.569380942745846,0.35450503542011014,logloss,0.03318284005389687,0.05204074896835285,5,300,binary:logistic,0.850991638820942,gpu_hist,COMPLETE
909,0.8569568773325713,6.042247706841367,0.3822347993904641,logloss,0.0454551535843429,0.055981600540434245,5,293,binary:logistic,0.8338066757794973,gpu_hist,COMPLETE
910,0.8569690996827778,5.294308705905471,0.3352776008710753,logloss,0.038686671578163384,0.05366624427920747,5,296,binary:logistic,0.8542311621889487,gpu_hist,COMPLETE
911,0.841406915319777,6.4296424196609046,0.3575027337353331,logloss,0.027769088684687245,0.0023619535312598906,5,283,binary:logistic,0.8152942202315973,gpu_hist,COMPLETE
912,0.8570474020341012,7.36162804978352,0.3459680060646339,logloss,0.03138281206505557,0.058495946880864326,5,277,binary:logistic,0.8427452068581619,gpu_hist,COMPLETE
913,0.856677222427845,5.0118447631416565,0.6024143977164483,logloss,0.03923899435231975,0.06726825362469097,5,300,binary:logistic,0.8714003770071944,gpu_hist,COMPLETE
914,0.8570130800835211,6.349561291035391,0.33507218194873645,logloss,0.02327388264773869,0.052332094813534895,5,287,binary:logistic,0.8315294760317001,gpu_hist,COMPLETE
915,0.8570899597348203,8.431543725562811,0.36217455783515434,logloss,0.049884964826008855,0.05579453072435543,5,280,binary:logistic,0.8249742250663695,gpu_hist,COMPLETE
916,0.8569637709326878,6.9416365666586435,0.3834087145536017,logloss,0.05306433664521152,0.05775545358744153,5,280,binary:logistic,0.8101493755699506,gpu_hist,COMPLETE
917,0.8569812145829825,5.163790643210577,0.3725947219526074,logloss,0.04619820681986126,0.06092272580325465,5,288,binary:logistic,0.8205437895972516,gpu_hist,COMPLETE
918,0.8569843685830358,7.426015883207578,0.36445724902840915,logloss,0.05062514078160011,0.06888166584456969,5,294,binary:logistic,0.8278740973667819,gpu_hist,COMPLETE
919,0.8568795669812647,5.988150640075823,0.38446102688234224,logloss,0.03657434303764925,0.05357359858511637,5,283,binary:logistic,0.7975538567999506,gpu_hist,COMPLETE
920,0.8569818408829931,8.305529063843416,0.3572464268427802,logloss,0.029321642872182946,0.06213398143981643,5,279,binary:logistic,0.8437914618903156,gpu_hist,COMPLETE
921,0.8569983187332717,6.427899866149354,0.3653310801364108,logloss,0.042845430910173204,0.056804221374046594,5,294,binary:logistic,0.8535572167202485,gpu_hist,COMPLETE
922,0.8569764828829026,8.212500255851621,0.369337072111127,logloss,0.05134422729539388,0.0660890737074135,5,288,binary:logistic,0.8325410343396691,gpu_hist,COMPLETE
923,0.8566913077780831,5.16949588315696,0.34810212739761753,logloss,0.03476456517925179,0.07628186576740804,5,275,binary:logistic,0.8141544926422859,gpu_hist,COMPLETE
924,0.8568316303804546,7.375826181623124,0.3513561698147671,logloss,0.02632402352563359,0.05226017405449838,5,285,binary:logistic,0.8595011583313871,gpu_hist,COMPLETE
925,0.8568693776310925,8.658012127522586,0.6439679103312398,logloss,0.07277958182872549,0.05847058269823492,5,294,binary:logistic,0.8405011952375903,gpu_hist,COMPLETE
926,0.8569229231319975,6.5326388399813275,0.3765996290464186,logloss,0.05898990347408509,0.06985905273181614,5,281,binary:logistic,0.7771285934537076,gpu_hist,COMPLETE
927,0.8569451433823729,8.377233652519138,0.36052737488653624,logloss,0.04138519913877378,0.06379633660534478,5,289,binary:logistic,0.8824798292255305,gpu_hist,COMPLETE
928,0.8569602084326274,5.175332220414688,0.39097906303233965,logloss,0.031003698794975682,0.05313652619325363,5,276,binary:logistic,0.8260193303875775,gpu_hist,COMPLETE
929,0.8569509341824707,9.919825434424887,0.35218599953633983,logloss,0.022391994051579225,0.057666889280728974,5,284,binary:logistic,0.8048474856303406,gpu_hist,COMPLETE
930,0.8569620908326593,7.191474613234863,0.33840728760450567,logloss,0.03628473608821851,0.05186952079987173,5,273,binary:logistic,0.8457714431819888,gpu_hist,COMPLETE
931,0.8568787777312513,5.9718868730265555,0.3448936446266614,logloss,0.04923353981997558,0.06177940017195627,5,295,binary:logistic,0.8158534421229393,gpu_hist,COMPLETE
932,0.8569778457829256,9.974691751741375,0.3732778929370513,logloss,0.026351327046279304,0.072044266770062,5,300,binary:logistic,0.8647973099139781,gpu_hist,COMPLETE
933,0.8570120225835032,7.425460331473862,0.33126433737237504,logloss,0.04310559654686243,0.05691922218225127,5,279,binary:logistic,0.8312621698344956,gpu_hist,COMPLETE
934,0.8568471870807174,6.360052056145603,0.3626289057194536,logloss,0.029632947906070673,0.07971234830548046,5,289,binary:logistic,0.8235461132563644,gpu_hist,COMPLETE
935,0.8569526739325002,8.368157675914905,0.33324999181441917,logloss,0.02327013207836483,0.06414744451928425,5,283,binary:logistic,0.7923262283515313,gpu_hist,COMPLETE
936,0.8568936529315028,4.9674728902645535,0.34860390283832426,logloss,0.01854976066798413,0.05222081724346029,5,278,binary:logistic,0.8487678410535929,gpu_hist,COMPLETE
937,0.8569507345324674,8.521100380610719,0.3949352480419103,logloss,0.06502175602618133,0.05840990339812477,5,290,binary:logistic,0.8359939470008064,gpu_hist,COMPLETE
938,0.8562880709712686,7.15179747081412,0.34422687876587815,logloss,0.03486122925133297,0.09773352726667638,5,273,binary:logistic,0.807839356212935,gpu_hist,COMPLETE
939,0.8566570945775049,6.149454798630468,0.8300995286210631,logloss,0.029471300177150658,0.06816975297245778,5,285,binary:logistic,0.8675732928733857,gpu_hist,COMPLETE
940,0.8570294253337973,9.951037783259311,0.33356771294683807,logloss,0.02063071807431519,0.0631383494548209,5,295,binary:logistic,0.8536778842926193,gpu_hist,COMPLETE
941,0.8570427700340228,0.010656527399493536,0.3632778629544038,logloss,0.0505284884449927,0.05592635812015749,5,271,binary:logistic,0.8225802815415002,gpu_hist,COMPLETE
942,0.8567828321796298,7.424917925552083,0.5812192015113007,logloss,0.038460376323459576,0.0513197945290344,5,289,binary:logistic,0.83825095653244,gpu_hist,COMPLETE
943,0.8568913998814647,5.1077758867453396,0.33244427273827293,logloss,0.02420669434557601,0.06886763263094473,5,280,binary:logistic,0.815940899635017,gpu_hist,COMPLETE
944,0.8569499489824541,8.32167916364314,0.3530653215934192,logloss,0.043360285585574664,0.07600639931310745,5,283,binary:logistic,0.8758265168029531,gpu_hist,COMPLETE
945,0.8569910461331487,6.222052802044475,0.3434544222014127,logloss,0.05505868893324144,0.061812140042351256,5,300,binary:logistic,0.8313109596380776,gpu_hist,COMPLETE
946,0.8569564177825634,7.336652981438302,0.37513477165133335,logloss,0.03296589728059747,0.051970149127298707,5,291,binary:logistic,0.8459001289863715,gpu_hist,COMPLETE
947,0.8569346867821962,8.571498744117994,0.3301105725830341,logloss,0.027025376952377222,0.056557562809400684,5,277,binary:logistic,0.8619059630794081,gpu_hist,COMPLETE
948,0.8569611136326429,6.021904580712904,0.3604258606302916,logloss,0.01871678157314272,0.0636495173619584,5,285,binary:logistic,0.7995496084679079,gpu_hist,COMPLETE
949,0.8569668430327395,9.930311348263935,0.33220311013537873,logloss,0.07943935194290239,0.05597307492605974,5,273,binary:logistic,0.8389250603003561,gpu_hist,COMPLETE
950,0.8568951528315281,7.340341412551059,0.3481524538834794,logloss,0.038070315631833586,0.07262912388257384,5,292,binary:logistic,0.8285125624393103,gpu_hist,COMPLETE
951,0.8565191825251741,8.348014729785913,0.3868111789676947,logloss,0.02466022544158179,0.08386840836759432,5,62,binary:logistic,0.8124907136040473,gpu_hist,COMPLETE
952,0.8568202860802628,5.009661488933643,0.33270778264708395,logloss,0.05978081360576414,0.051732486379136466,5,285,binary:logistic,0.854271625675949,gpu_hist,COMPLETE
953,0.8569567377325689,6.6269542707754105,0.36603223501321436,logloss,0.03124839790545805,0.060475680210702557,5,279,binary:logistic,0.8848419499699943,gpu_hist,COMPLETE
954,0.8568816464812998,9.940579389480732,0.34948710279278694,logloss,0.04658493495791754,0.06702708883343723,5,295,binary:logistic,0.8442185714665879,gpu_hist,COMPLETE
955,0.857075264034572,5.800091815997276,0.3306887500793126,logloss,0.0206080870646568,0.057053876654493935,5,287,binary:logistic,0.786195698304408,gpu_hist,COMPLETE
956,0.8570135666835292,5.0421072569369905,0.34780049170108834,logloss,0.019425550780275774,0.0633979301169262,5,271,binary:logistic,0.7855304336000998,gpu_hist,COMPLETE
957,0.856937094732237,8.414917819923824,0.3310436347830423,logloss,0.025071881896941584,0.05172005762909885,5,279,binary:logistic,0.6838770153547976,gpu_hist,COMPLETE
958,0.8567215685285945,5.805047520504934,0.37206909920046044,logloss,0.018936995999269682,0.07069954309639422,5,114,binary:logistic,0.7942307442516444,gpu_hist,COMPLETE
959,0.8570473790341007,7.472198452224817,0.3578038551977627,logloss,0.01735288677162261,0.05922167645053535,5,272,binary:logistic,0.8071059299347438,gpu_hist,COMPLETE
960,0.8570732316845375,6.842355744538605,0.32761177787120316,logloss,0.02156085991108685,0.06447228309335337,5,284,binary:logistic,0.819116228955947,gpu_hist,COMPLETE
961,0.8567781570295508,4.948589164786332,0.3270616426272428,logloss,0.022012396806542652,0.07737115435452245,5,285,binary:logistic,0.8005065920879854,gpu_hist,COMPLETE
962,0.8570398635839738,5.774021164875858,0.3263273933193341,logloss,0.021201831861586095,0.06631056042848546,5,288,binary:logistic,0.7800946985531982,gpu_hist,COMPLETE
963,0.8569189217819297,6.384661169361709,0.3267882628035036,logloss,0.016935392487393272,0.07287789826441307,5,278,binary:logistic,0.8169533717590245,gpu_hist,COMPLETE
964,0.8569912203831516,0.014357794954194201,0.34078426361871794,logloss,0.02108632587870148,0.06554758393513344,5,284,binary:logistic,0.8058945006054752,gpu_hist,COMPLETE
965,0.8566119095267412,4.753012812167882,0.32435970013783527,logloss,0.018074333918876796,0.08847596983210547,5,289,binary:logistic,0.8199954124151685,gpu_hist,COMPLETE
966,0.857024439233713,7.066279968040678,0.32719563428534676,logloss,0.023464475041019266,0.05224824428846756,5,272,binary:logistic,0.8176323928033482,gpu_hist,COMPLETE
967,0.8568657844810317,6.179833296504949,0.3419532049938543,logloss,0.018313158608717323,0.0788003197874297,5,277,binary:logistic,0.8725825643861854,gpu_hist,COMPLETE
968,0.8569393050822742,7.374546091084596,0.32714530523604013,logloss,0.026142909122993805,0.07024444008793851,5,284,binary:logistic,0.8571885727571246,gpu_hist,COMPLETE
969,0.8570188740836189,5.468894099610437,0.34096880532943985,logloss,0.02210375785454733,0.06054974304721195,5,290,binary:logistic,0.7923055588824802,gpu_hist,COMPLETE
970,0.8570767486345969,8.536881102976738,0.32428225520569937,logloss,0.017774153734252236,0.056104644525668636,5,278,binary:logistic,0.8271669950943575,gpu_hist,COMPLETE
971,0.8568148062301703,9.983733368384076,0.7042309364068962,logloss,0.01663197361718451,0.05275175044619725,5,132,binary:logistic,0.8463823398276998,gpu_hist,COMPLETE
972,0.8557436946620683,0.002325924385633241,0.7413516819577296,logloss,0.01724711298231779,0.056005519982189826,3,283,binary:logistic,0.8361966576504622,gpu_hist,COMPLETE
973,0.8569546311825332,7.1420843761513195,0.32374291240514924,logloss,0.020799692113680178,0.050401971496817875,5,290,binary:logistic,0.8075424257545621,gpu_hist,COMPLETE
974,0.8568539671808321,5.519801953458376,0.3295898429780716,logloss,0.017463530219873895,0.05083877731165204,5,12,binary:logistic,0.8622000541193677,gpu_hist,COMPLETE
975,0.8553640875556532,7.370894962102416,0.3227498267830113,logloss,0.020463333374380967,0.057341729963322825,13,280,binary:logistic,0.8275982054376847,gpu_hist,COMPLETE
976,0.8569310998821356,8.380911577443486,0.32280263837407,logloss,0.016061311835276666,0.050025413578353196,5,294,binary:logistic,0.8438234421926506,gpu_hist,COMPLETE
977,0.856918217131918,4.732291936072138,0.3246466578614353,logloss,0.02492282969522612,0.05681355279094453,5,285,binary:logistic,0.884260890467656,gpu_hist,COMPLETE
978,0.8569546591325338,6.099443176131601,0.3370339575645957,logloss,0.02015012476388323,0.0618834649124886,5,276,binary:logistic,0.8156193767754104,gpu_hist,COMPLETE
979,0.8552671748040153,8.482747898576967,0.3432883412727957,logloss,0.025743354155523666,0.05565088566710394,15,289,binary:logistic,0.8355442153673234,gpu_hist,COMPLETE
980,0.8444970669720004,6.799686421707101,0.32237186016440855,logloss,0.022521770502558092,0.00473055535155198,5,300,binary:logistic,0.8540300868812062,gpu_hist,COMPLETE
981,0.8430984854983644,8.477584507687265,0.33640449029340075,logloss,0.015550969234339618,0.003570035012368063,5,282,binary:logistic,0.8696358272585509,gpu_hist,COMPLETE
982,0.8561235207684876,5.766819036916002,0.32039064642487014,logloss,0.028801373545276315,0.06138101751667319,9,271,binary:logistic,0.8280233806309434,gpu_hist,COMPLETE
983,0.8568630090309848,9.958844628550969,0.3456673271142072,logloss,0.017105564110731743,0.052090674823584225,5,294,binary:logistic,0.7997511552988003,gpu_hist,COMPLETE
984,0.857052426834186,7.306095518248179,0.32709657125815117,logloss,0.019556577618729847,0.06637833687419038,5,287,binary:logistic,0.7748996013299042,gpu_hist,COMPLETE
985,0.8531358348679956,4.932002590884107,0.8859481516198715,logloss,0.027158841643010648,0.0506301611497667,17,107,binary:logistic,0.8470322614821126,gpu_hist,COMPLETE
986,0.8550530316503963,6.524007408449469,0.3573069384137841,logloss,0.022652199015287765,0.056337518535679094,20,277,binary:logistic,0.8205128852262252,gpu_hist,COMPLETE
987,0.8570472376840983,9.997366951519972,0.3189752370354843,logloss,0.01586760251756408,0.06167675623157326,5,281,binary:logistic,0.8378207872774946,gpu_hist,COMPLETE
988,0.8482780079358984,0.0010663151288825207,0.33811946414843663,logloss,0.032637023131443454,0.009418852306427798,5,271,binary:logistic,0.8572824748943806,gpu_hist,COMPLETE
989,0.8568773705312276,7.4669363546840595,0.3196663075662496,logloss,0.018546371206738868,0.07084139351636465,5,290,binary:logistic,0.7892602795147132,gpu_hist,COMPLETE
990,0.856417690473459,8.413216890972986,0.35438353841999,logloss,0.024667106533044332,0.04887998790140938,11,285,binary:logistic,0.8109112603310108,gpu_hist,COMPLETE
991,0.857108700585137,6.311263429239804,0.3351821649700077,logloss,0.02952428319722939,0.05762156402032736,5,295,binary:logistic,0.8278824590692312,gpu_hist,COMPLETE
992,0.856912128681815,5.481088679085133,0.3658248095834618,logloss,0.032925986831683185,0.05583053328406622,5,296,binary:logistic,0.898777782132179,gpu_hist,COMPLETE
993,0.8552440185536239,5.746855145732348,0.3427294841721336,logloss,0.030106387324004648,0.0487030435074772,3,300,binary:logistic,0.8724828532774227,gpu_hist,COMPLETE
994,0.856858811980914,4.830180431531206,0.501205163010295,logloss,0.037513037678836354,0.05575610960185441,5,296,binary:logistic,0.8471986643429331,gpu_hist,COMPLETE
995,0.840434974253351,8.65698199505064,0.35302588427412146,logloss,0.028213839853475437,0.001344854129414269,5,293,binary:logistic,0.8350461068339169,gpu_hist,COMPLETE
996,0.8569489128824367,7.153549775540982,0.33638726730201446,logloss,0.03537930806258897,0.05108979479420904,5,290,binary:logistic,0.8615192056568602,gpu_hist,COMPLETE
997,0.8567997164299151,6.232267694832057,0.5541486857814537,logloss,0.02870743208044399,0.06000587981800451,5,294,binary:logistic,0.829403715540047,gpu_hist,COMPLETE
998,0.8555777775592645,8.528753751348738,0.38118700973410624,logloss,0.024781125195828584,0.05616515440610708,13,288,binary:logistic,0.8452649336616342,gpu_hist,COMPLETE
999,0.8569574065825801,4.744802673305038,0.34122501902291497,logloss,0.03424864672679524,0.05007614908646909,5,23,binary:logistic,0.8269938892091067,gpu_hist,COMPLETE
