number,value,params_alpha,params_colsample_bytree,params_eval_metric,params_lambda,params_learning_rate,params_max_depth,params_min_child_weight,params_objective,params_subsample,params_tree_method,state
384,0.8568062959300264,1.7340445662709663,0.39033490105119634,logloss,0.021261526137278858,0.030207627617637116,7,272,binary:logistic,0.5876611669902293,gpu_hist,COMPLETE
385,0.8566864067280003,4.737467611104466,0.3333921187435464,logloss,0.001237214904480527,0.046098768065337914,7,270,binary:logistic,0.5557336702032784,gpu_hist,COMPLETE
386,0.8567706365294236,2.177230295050485,0.3513186049302113,logloss,0.001508567216270715,0.0910266282603158,3,287,binary:logistic,0.5713138380627697,gpu_hist,COMPLETE
387,0.8568707764311161,4.010288403487762,0.371507138847578,logloss,0.016942700806052424,0.04021664539533584,7,273,binary:logistic,0.6219483007915084,gpu_hist,COMPLETE
388,0.8568316512304549,6.020946897242572,0.44706722529653764,logloss,0.0017945173471376516,0.03554826967581655,7,246,binary:logistic,0.5940194367958205,gpu_hist,COMPLETE
389,0.856843428380654,5.232653483455476,0.31762969425066867,logloss,0.002154548684399483,0.04294846700903941,7,263,binary:logistic,0.5533806171096387,gpu_hist,COMPLETE
390,0.8570085910334452,2.792684496041112,0.3117716953458931,logloss,0.01178630958701526,0.03294761177704334,7,250,binary:logistic,0.5257038621313888,gpu_hist,COMPLETE
391,0.8567250772286538,3.434704733449969,0.3399211109730407,logloss,0.013605788356583314,0.028273173915793363,7,253,binary:logistic,0.5024303336094726,gpu_hist,COMPLETE
392,0.8566584899275285,4.579753117876978,0.36231733711575365,logloss,0.010943704483593568,0.03263183274375139,11,250,binary:logistic,0.5236005371303859,gpu_hist,COMPLETE
393,0.8567796761295765,9.979033684254404,0.3271961588717248,logloss,0.011823305173086007,0.030630833976170713,7,259,binary:logistic,0.5126848517248132,gpu_hist,COMPLETE
394,0.8569110411317966,6.551518020066081,0.31256938417822683,logloss,0.00908546371801939,0.03322004911557805,7,249,binary:logistic,0.5341324255950655,gpu_hist,COMPLETE
395,0.8534205949228081,8.036578016217593,0.34669985870173625,logloss,0.015111923264006007,0.06859742001057369,13,242,binary:logistic,0.5252025728036296,gpu_hist,COMPLETE
396,0.856968104832761,2.728334053422614,0.385171322669074,logloss,1.0538102751260354,0.03578522682166314,7,237,binary:logistic,0.5489526427882624,gpu_hist,COMPLETE
397,0.8567247446786481,2.958884640441807,0.3884228943503974,logloss,1.1863082857983989,0.027705296072383118,7,255,binary:logistic,0.5644506505581207,gpu_hist,COMPLETE
398,0.8567611044292627,2.532196895312803,0.3973055255659053,logloss,4.103288377036631,0.03474846935887773,7,246,binary:logistic,0.5431713609474279,gpu_hist,COMPLETE
399,0.8567787829295616,3.3986991818855294,0.41077658594095395,logloss,0.001003010992535689,0.030826760888393034,7,239,binary:logistic,0.8380359074421293,gpu_hist,COMPLETE
400,0.8560139712166361,2.973469028628205,0.4211408774275409,logloss,0.6687449527979906,0.036036220745309246,15,238,binary:logistic,0.5759557026481166,gpu_hist,COMPLETE
401,0.8562568791207412,3.695567138547236,0.38123743582591285,logloss,0.03623042770246502,0.05458687290150396,7,127,binary:logistic,0.5526235524710368,gpu_hist,COMPLETE
402,0.8566139898267764,4.32457450866617,0.36896102532049135,logloss,0.3627419477740284,0.02565644296369359,7,281,binary:logistic,0.5364175905256613,gpu_hist,COMPLETE
403,0.8565360644754595,2.5743489143411176,0.40199660806696697,logloss,0.0015998746033068529,0.04145748933734969,9,245,binary:logistic,0.5598240976027555,gpu_hist,COMPLETE
404,0.8568108552301034,5.61484572260643,0.3758912532103998,logloss,0.011154470852525085,0.03687116491814861,7,259,binary:logistic,0.4739735477500454,gpu_hist,COMPLETE
405,0.8569086953817571,1.8714245513407002,0.35599925468708105,logloss,0.0012705411534021452,0.03244457018034167,7,234,binary:logistic,0.5219176325578945,gpu_hist,COMPLETE
406,0.8567185268285431,0.11956210708675152,0.39071154875779074,logloss,0.0013730255923886084,0.04419398162268224,7,254,binary:logistic,0.5716317370561361,gpu_hist,COMPLETE
407,0.8565982976765112,3.9085477876986277,0.6926602706116365,logloss,1.5684525147838684,0.03912588460411684,7,232,binary:logistic,0.6885815858322064,gpu_hist,COMPLETE
408,0.856849765480761,5.02328460215336,0.36377794122388074,logloss,0.007420603474378287,0.03503194624952154,7,240,binary:logistic,0.5466910879591217,gpu_hist,COMPLETE
409,0.8562123437199887,2.8075428596182803,0.34360772061170336,logloss,0.18207204053014095,0.021982496289500893,7,249,binary:logistic,0.5820198546591918,gpu_hist,COMPLETE
410,0.8565325653254002,2.215776227347745,0.33125024246934126,logloss,0.008520466105055578,0.03020625459060086,17,236,binary:logistic,0.565757777108568,gpu_hist,COMPLETE
411,0.8566628827776026,6.420898579370727,0.31266242124651283,logloss,0.0011964249674862924,0.0413662859562663,5,230,binary:logistic,0.5331378943673253,gpu_hist,COMPLETE
412,0.8567776390295422,3.362839530187758,0.3801738161957293,logloss,0.0017475502728772792,0.04769827679627843,7,276,binary:logistic,0.5502158743660539,gpu_hist,COMPLETE
413,0.8568480030807313,4.714229349501644,0.3542056741223471,logloss,0.0014889171444101529,0.033679571586492686,7,267,binary:logistic,0.5093314218354102,gpu_hist,COMPLETE
414,0.8552414859535811,0.16355000379768983,0.3262658422995248,logloss,0.22545728277464316,0.011684099627578522,20,244,binary:logistic,0.5575152654445218,gpu_hist,COMPLETE
415,0.8568598756809318,0.09852483656109566,0.43327751793643543,logloss,0.0019266168230188164,0.03793463777890863,7,253,binary:logistic,0.5756191043110384,gpu_hist,COMPLETE
416,0.8569850503330474,1.4855994603259999,0.34037050182829215,logloss,0.001188401928794812,0.036584888102419014,7,230,binary:logistic,0.5867755410856411,gpu_hist,COMPLETE
417,0.8567929067298002,1.2506100368143374,0.31083537185531884,logloss,0.0011711387103029392,0.050011149551520556,7,238,binary:logistic,0.5922048022792847,gpu_hist,COMPLETE
418,0.8568420906306313,1.5218994953239287,0.3004121073669884,logloss,0.001033219022719872,0.0441562500561341,7,230,binary:logistic,0.599923469626674,gpu_hist,COMPLETE
419,0.8533199136711067,1.8734843599061193,0.36463772458346133,logloss,0.8833271793035338,0.03145203454624436,3,261,binary:logistic,0.5855327345909803,gpu_hist,COMPLETE
420,0.8569328739821656,1.550979531793367,0.40439592679938774,logloss,2.9448898352315998,0.03644800110685469,7,247,binary:logistic,0.5748086579737498,gpu_hist,COMPLETE
421,0.8569000582316109,1.5038199882709564,0.3358836840047225,logloss,0.001275931706348585,0.04084348794272875,7,235,binary:logistic,0.5826367789096332,gpu_hist,COMPLETE
422,0.8567371180788572,2.211792703896537,0.650316623192385,logloss,0.0014044827653243417,0.028081764883507873,7,240,binary:logistic,0.5643862796187998,gpu_hist,COMPLETE
423,0.8566942331781325,2.692864657521792,0.35107825797123804,logloss,0.009742371003066486,0.033683983299583886,11,227,binary:logistic,0.5394736691684255,gpu_hist,COMPLETE
424,0.8568511940807851,1.8474733434855177,0.3838183507114333,logloss,0.1181485587938102,0.03951535592876813,7,268,binary:logistic,0.5227692162034492,gpu_hist,COMPLETE
425,0.8568328595804753,3.886274873572607,0.3213601590761738,logloss,0.0011642685912335987,0.03589843232587592,7,232,binary:logistic,0.5882377065038361,gpu_hist,COMPLETE
426,0.8566734405277812,1.1363093120196814,0.3420420957404358,logloss,0.0010087051920489919,0.0437177788067571,7,249,binary:logistic,0.6023093540134057,gpu_hist,COMPLETE
427,0.8568011323299392,3.3047509291720107,0.36680907819719627,logloss,6.634323946451859,0.03183218344609502,7,257,binary:logistic,0.4935669769964491,gpu_hist,COMPLETE
428,0.8568939961315085,2.146212587970822,0.3184006111089065,logloss,0.012994672092513418,0.03816199032171399,7,275,binary:logistic,0.5688312599394815,gpu_hist,COMPLETE
429,0.8552953920044921,4.383936769425817,0.3966639160185883,logloss,0.006125059659201917,0.04680403261295784,13,240,binary:logistic,0.5468958092345637,gpu_hist,COMPLETE
430,0.8569280834320846,5.66630782955586,0.3319789756450139,logloss,0.0014700200059574247,0.03399876778636843,7,156,binary:logistic,0.5568237739394423,gpu_hist,COMPLETE
431,0.8567317641787668,2.8502040284296664,0.4219427321231396,logloss,0.00219837910681327,0.04083304999985803,7,226,binary:logistic,0.5317986396646215,gpu_hist,COMPLETE
432,0.8567133118284549,5.804297587906413,0.3762508731751223,logloss,0.018684155100875764,0.02948881816679083,7,244,binary:logistic,0.5781827238513355,gpu_hist,COMPLETE
433,0.8565144065750935,8.5076919744964,0.3119119216006532,logloss,8.750190506384195,0.03702242539657136,15,288,binary:logistic,0.5594834228199709,gpu_hist,COMPLETE
434,0.8551603388022098,0.16351411181946682,0.3473507331638846,logloss,0.0016695911518155992,0.016599394077109884,7,232,binary:logistic,0.5429237146295718,gpu_hist,COMPLETE
435,0.8557922577128891,3.9168222657695044,0.30029622040570875,logloss,0.007903676562412906,0.053302587727928126,9,222,binary:logistic,0.5898019627709691,gpu_hist,COMPLETE
436,0.8567060817783327,0.6635716175167554,0.32486374083160724,logloss,0.0024624417462703616,0.043807248453188216,7,251,binary:logistic,0.5707996459632482,gpu_hist,COMPLETE
437,0.8569718371828241,1.5838578205721916,0.3390250847899011,logloss,0.001257483140523815,0.03456523927943235,7,235,binary:logistic,0.5516443464803814,gpu_hist,COMPLETE
438,0.8517268819441843,1.7161442639854028,0.3637995035939279,logloss,0.001323547761329653,0.00943980854622933,7,236,binary:logistic,0.5171393207257412,gpu_hist,COMPLETE
439,0.8569138115318433,1.3443324537655492,0.3466221631197085,logloss,0.0011687783856333988,0.03954919287604649,7,230,binary:logistic,0.531972565414969,gpu_hist,COMPLETE
440,0.8496588115092338,1.6581183949926608,0.3838841587626463,logloss,0.0014671127739408413,0.006884256336388955,7,244,binary:logistic,0.5473354034053062,gpu_hist,COMPLETE
441,0.8568401120805978,2.0315347391044547,0.35477437873102075,logloss,0.0012303913746134227,0.03233183564852558,7,237,binary:logistic,0.5645985366520448,gpu_hist,COMPLETE
442,0.8562149648200329,1.0839964813214267,0.33708639612265395,logloss,0.0010082872739811484,0.03592518953420159,5,263,binary:logistic,0.9613677574728807,gpu_hist,COMPLETE
443,0.8564179046234626,1.4384856949741365,0.587103620868996,logloss,0.0017333044663699572,0.04994743945203252,7,229,binary:logistic,0.5813270490147125,gpu_hist,COMPLETE
444,0.8554712877074648,2.501163899071518,0.37266300234848376,logloss,0.001953072110341827,0.04162778163088611,17,241,binary:logistic,0.5512929352746009,gpu_hist,COMPLETE
445,0.8562884992212756,0.11460519354979727,0.35862643909231595,logloss,0.001528851765217975,0.025463979406781665,7,18,binary:logistic,0.5977722010792272,gpu_hist,COMPLETE
446,0.8567254260286595,1.2182374635321611,0.4102831997522908,logloss,0.0012753894025630866,0.029633513101792647,7,223,binary:logistic,0.5365156540530029,gpu_hist,COMPLETE
447,0.8557502779621797,0.08522520502557887,0.3942279025365595,logloss,0.0010095776317926284,0.037391750820105665,20,233,binary:logistic,0.5670106214055223,gpu_hist,COMPLETE
448,0.856633432327105,0.1387564013556347,0.747688609264517,logloss,0.0019011588928597362,0.03399575978509995,7,257,binary:logistic,0.5157097746725847,gpu_hist,COMPLETE
449,0.8568838083313364,0.20630723721476765,0.3125601077117159,logloss,0.002283285935418665,0.04579762107819158,7,245,binary:logistic,0.6106275815422054,gpu_hist,COMPLETE
450,0.8568847952813531,2.3237806857077565,0.3368838806576946,logloss,0.001581049180604121,0.039603195022545744,7,283,binary:logistic,0.5538547240529003,gpu_hist,COMPLETE
451,0.8569073502317341,0.958281634569542,0.32328221038768756,logloss,0.0013032166369140292,0.03304283644339028,7,223,binary:logistic,0.5791901315883751,gpu_hist,COMPLETE
452,0.8567307578287499,3.1125928129551115,0.3504931368532732,logloss,0.0011975969863529006,0.04267337613680819,7,250,binary:logistic,0.5319347695195434,gpu_hist,COMPLETE
453,0.8541896643358053,1.752592630137178,0.37319763829933134,logloss,0.01016571957918723,0.036407879342008224,3,236,binary:logistic,0.5436835695922586,gpu_hist,COMPLETE
454,0.8567921556297874,2.0293952798424355,0.33386334719366584,logloss,0.0024140840692125297,0.02840425361567067,7,271,binary:logistic,0.5653901653112698,gpu_hist,COMPLETE
455,0.8563187406717866,1.4298089190414924,0.3093354910299375,logloss,0.0017999523234597014,0.03839573468268398,11,230,binary:logistic,0.5881399365081184,gpu_hist,COMPLETE
456,0.8566045278266166,0.17966625140368805,0.3586203604931367,logloss,0.3311266927104297,0.046772935039456155,7,219,binary:logistic,0.5550807553314157,gpu_hist,COMPLETE
457,0.8568966361815532,8.642246181672565,0.38785596345130513,logloss,0.006163599480816545,0.03160283248277079,7,227,binary:logistic,0.5043036293925346,gpu_hist,COMPLETE
458,0.8569094498817698,2.7278311608920047,0.32397945249683546,logloss,0.0014753225245298669,0.04157847015266383,7,241,binary:logistic,0.5752200352934823,gpu_hist,COMPLETE
459,0.8566167223268226,0.28849265260384815,0.7820620543568042,logloss,0.002884768123191749,0.034712727227091046,7,261,binary:logistic,0.5246817365411166,gpu_hist,COMPLETE
460,0.8568594741309252,7.052009378474135,0.3432069841223025,logloss,0.0021247972850157964,0.03849569546247364,7,84,binary:logistic,0.5996408817206922,gpu_hist,COMPLETE
461,0.8562908424213151,3.473666124698511,0.30905146874360695,logloss,0.0119124546996618,0.05898308519901119,7,235,binary:logistic,0.5395610577659247,gpu_hist,COMPLETE
462,0.856887337831396,4.656012750029166,0.37332607856270655,logloss,0.0012131951990593435,0.04378034169438158,7,250,binary:logistic,0.5610153247232885,gpu_hist,COMPLETE
463,0.8562557710207225,0.12825489606288906,0.32977452530919865,logloss,0.0014734314077354063,0.034924143427708006,13,218,binary:logistic,0.6404506318953747,gpu_hist,COMPLETE
464,0.8567991822799061,0.42589650734910917,0.40790841355083624,logloss,0.007318095432301573,0.031194910772792062,7,277,binary:logistic,0.5469231737387169,gpu_hist,COMPLETE
465,0.8560035302164597,7.846294871844314,0.3009003399067442,logloss,0.0017801004311536425,0.03942330286459194,15,225,binary:logistic,0.5737483307264725,gpu_hist,COMPLETE
466,0.8565267971253029,2.424517910269671,0.6032904798406136,logloss,0.002570148427327265,0.05074774608080702,7,266,binary:logistic,0.5913172351266379,gpu_hist,COMPLETE
467,0.8568572079808868,5.928952468484546,0.35211998789997956,logloss,0.016595183982938348,0.0358000083916185,7,257,binary:logistic,0.5563693651755215,gpu_hist,COMPLETE
468,0.8563569748724329,1.9586784616636588,0.3192752382531651,logloss,0.0035522150784860107,0.04568529191013976,9,244,binary:logistic,0.528462004397733,gpu_hist,COMPLETE
469,0.8568340189304949,0.7910005704684983,0.3000363781104921,logloss,0.0010166946311745033,0.04141447508578425,7,238,binary:logistic,0.5799704957838308,gpu_hist,COMPLETE
470,0.856857161880886,2.939122152194034,0.34102128280810445,logloss,0.004440809750675458,0.03167218875650442,7,227,binary:logistic,0.5430387423953029,gpu_hist,COMPLETE
471,0.8563116744216673,6.788426911405187,0.9048817906234645,logloss,0.002111438662247547,0.027704898630219917,7,233,binary:logistic,0.78587475471467,gpu_hist,COMPLETE
472,0.8567867081796954,9.975597421618483,0.7149428909285506,logloss,0.0013917865607365044,0.037377292534112955,7,220,binary:logistic,0.5678573399164296,gpu_hist,COMPLETE
473,0.8567663870293518,1.4967930765687312,0.4700289524813946,logloss,0.008856613582044797,0.03452467979745651,7,249,binary:logistic,0.5597059528080383,gpu_hist,COMPLETE
474,0.8566961417781648,3.5617007939959198,0.44587613340265464,logloss,0.07761190184476602,0.04141105593360816,7,215,binary:logistic,0.6068406187590012,gpu_hist,COMPLETE
475,0.856923019631999,5.181551854831439,0.36464644362849225,logloss,0.04158998274827751,0.04807490062744296,5,230,binary:logistic,0.6736997738233459,gpu_hist,COMPLETE
476,0.8558267485634721,0.23225422985298144,0.32726689541862236,logloss,0.0058869885234808335,0.03803891655740096,17,244,binary:logistic,0.588680621156926,gpu_hist,COMPLETE
477,0.8568267390803719,4.27349961713677,0.38689346174325934,logloss,0.003032107947874435,0.030676520715001022,7,270,binary:logistic,0.5500662901922446,gpu_hist,COMPLETE
478,0.8569134420318372,1.1578773158782296,0.34041393350451443,logloss,0.0016323001877498224,0.034018949333684004,7,254,binary:logistic,0.5161753440517183,gpu_hist,COMPLETE
479,0.8556775384109504,7.32221153019009,0.31432853521887977,logloss,0.0011823425917889552,0.04416090334729511,20,238,binary:logistic,0.5729136323571348,gpu_hist,COMPLETE
480,0.8567807391795944,0.15185790905961627,0.41989049008843127,logloss,0.002566379027992689,0.03943085008890893,7,227,binary:logistic,0.535855023504076,gpu_hist,COMPLETE
481,0.8564169034234457,2.1541905555756706,0.35863582334444927,logloss,2.138051042338286,0.054058522180759905,7,222,binary:logistic,0.563220389335997,gpu_hist,COMPLETE
482,0.8570067254334136,0.4959843315112092,0.3322478392514081,logloss,0.05580851804769143,0.03709759074155155,7,263,binary:logistic,0.5799812535209684,gpu_hist,COMPLETE
483,0.8568735400311629,0.3117887395145083,0.32224828516212095,logloss,0.013297846148843625,0.03373644988358589,7,234,binary:logistic,0.5794354166012102,gpu_hist,COMPLETE
484,0.8569975977832593,0.37574798452390795,0.3154567093376465,logloss,0.02874123257630106,0.04207254207974152,7,217,binary:logistic,0.5537001651522491,gpu_hist,COMPLETE
485,0.855524549408365,0.7849080942770074,0.3135026273538631,logloss,0.10239938115324487,0.04823678349029867,3,278,binary:logistic,0.5432314843151186,gpu_hist,COMPLETE
486,0.8565998690265377,0.526806138388841,0.32908300169646065,logloss,0.021948784740031698,0.04245301241880292,7,102,binary:logistic,0.5529386282831715,gpu_hist,COMPLETE
487,0.8457646324434223,0.27602146345380696,0.3004464106575,logloss,0.027695457983299577,0.0010539147449527555,7,294,binary:logistic,0.4828430402764755,gpu_hist,COMPLETE
488,0.8555987599596191,0.3527711168686644,0.318869979945506,logloss,0.05224964544168709,0.04477624124769342,11,214,binary:logistic,0.5281061125375178,gpu_hist,COMPLETE
489,0.8568065548800308,0.5675551142798851,0.33172550038813065,logloss,0.026725454366889157,0.04086993599104868,7,218,binary:logistic,0.5393068037264475,gpu_hist,COMPLETE
490,0.8539389883815689,0.20169512984552984,0.3131498216082776,logloss,0.021091912771408813,0.013518405969656592,7,241,binary:logistic,0.5568239283018062,gpu_hist,COMPLETE
491,0.8559587581157031,0.915850457782919,0.33591965516465955,logloss,0.04542262489389837,0.06479775237294491,7,265,binary:logistic,0.5240871021482317,gpu_hist,COMPLETE
492,0.8567602494292483,0.3995558831040831,0.3006153527145467,logloss,0.030450246180377425,0.029398824311599413,7,212,binary:logistic,0.5704990769030129,gpu_hist,COMPLETE
493,0.8569505751324646,0.6912372046298854,0.3196274438193071,logloss,0.05964031610240967,0.03651302487324964,7,230,binary:logistic,0.9005167957077735,gpu_hist,COMPLETE
494,0.8568232132803123,1.2877490439697616,0.33849250737289727,logloss,0.01776148358888101,0.02392419495474759,13,254,binary:logistic,0.5490846754349585,gpu_hist,COMPLETE
495,0.8564410774238542,0.4415714947167686,0.3133032390854641,logloss,0.011856881864446465,0.05129769658254449,7,247,binary:logistic,0.5075892834857338,gpu_hist,COMPLETE
496,0.8569517692324848,0.3441174374213196,0.3269838347373994,logloss,0.06111263528175038,0.03319154331300579,7,218,binary:logistic,0.5357297586221237,gpu_hist,COMPLETE
497,0.8568572810308881,0.2182885969303045,0.30013494607064484,logloss,0.014962514029752112,0.0436002195487758,7,236,binary:logistic,0.564577916846468,gpu_hist,COMPLETE
498,0.8562807819211453,0.14340156294739467,0.3425502682515826,logloss,0.04072923960691887,0.03756441598722037,15,285,binary:logistic,0.5810403457786404,gpu_hist,COMPLETE
499,0.8569196650319424,0.17683743400603236,0.31424712377035957,logloss,0.08788540619377389,0.04063196089893734,7,271,binary:logistic,0.549452165194187,gpu_hist,COMPLETE
500,0.8567529654791252,1.5338304518669337,0.32861940014691093,logloss,0.010257096933039757,0.046694776272643256,7,224,binary:logistic,0.5606468956170573,gpu_hist,COMPLETE
501,0.8569049840816942,0.5535820261785205,0.34814714549649306,logloss,0.0011217211596777064,0.031893033147272494,7,260,binary:logistic,0.5726696078799691,gpu_hist,COMPLETE
502,0.8565560435757972,0.25188004798440483,0.31352989481468035,logloss,0.015721919018508734,0.026816756519621038,7,210,binary:logistic,0.5872450865550166,gpu_hist,COMPLETE
503,0.8568867127813855,1.7167686059404423,0.33379535765490126,logloss,0.06640749490106197,0.035977470826521835,7,239,binary:logistic,0.542900286487386,gpu_hist,COMPLETE
504,0.856648048777352,0.647622078651587,0.32426406139264335,logloss,0.1333325322608749,0.03927505856009169,9,247,binary:logistic,0.5252280632715464,gpu_hist,COMPLETE
505,0.8562928275713488,0.11558417300059846,0.34638740538806956,logloss,0.0222070791614593,0.03418599153870233,5,231,binary:logistic,0.556465135814467,gpu_hist,COMPLETE
506,0.8464641414552441,0.17195867912821702,0.3150741595118299,logloss,0.008784729635470006,0.0019558092641123966,7,133,binary:logistic,0.5347783234514387,gpu_hist,COMPLETE
507,0.8568247679803387,0.2341793678039497,0.35710850879419737,logloss,0.035831692050293226,0.04268557382398619,7,222,binary:logistic,0.5703281248929096,gpu_hist,COMPLETE
508,0.8562345819203645,0.2976972796407304,0.6649149272596458,logloss,0.001482716627486069,0.030051094362786832,17,217,binary:logistic,0.4967170694870697,gpu_hist,COMPLETE
509,0.8569363619322244,1.0505860048562004,0.3367545909489223,logloss,0.033000483720660355,0.03656460893818569,7,253,binary:logistic,0.5482667003357719,gpu_hist,COMPLETE
510,0.8564438150739004,0.3779110047269091,0.3134110057892251,logloss,0.0013313822452197242,0.05553560222829211,7,243,binary:logistic,0.5167226870629036,gpu_hist,COMPLETE
511,0.8545467957418409,0.09962697822899376,0.4012706132312085,logloss,0.0011397504231000057,0.0480182912044637,20,233,binary:logistic,0.588170098098644,gpu_hist,COMPLETE
